{"obj": {"type": "AssignString", "path": ["sys", "name"], "value": "Untitled"}, "version": 1}
{"obj": {"type": "AssignString", "path": ["sys", "description"], "value": ""}, "version": 2}
{"obj": {"type": "AssignString", "path": ["sys", "hostname"], "value": "e5-cse-314-01"}, "version": 3}
{"obj": {"type": "AssignBool", "path": ["sys", "failed"], "value": false}, "version": 4}
{"obj": {"type": "ClearStringLog", "path": ["monitoring", "stdout"]}, "version": 5}
{"obj": {"type": "ClearStringLog", "path": ["monitoring", "stderr"]}, "version": 6}
{"obj": {"type": "AssignString", "path": ["source_code", "entrypoint"], "value": "train.py"}, "version": 7}
{"obj": {"type": "UploadFileSet", "path": ["source_code", "files"], "file_globs": ["/home/iot/sxw5765/vac_gsl/iso_cnn/train.py"], "reset": "False"}, "version": 8}
{"obj": {"type": "ConfigFloatSeries", "path": ["monitoring", "cpu"], "min": 0.0, "max": 100.0, "unit": "%"}, "version": 9}
{"obj": {"type": "ClearFloatLog", "path": ["monitoring", "cpu"]}, "version": 10}
{"obj": {"type": "ConfigFloatSeries", "path": ["monitoring", "memory"], "min": 0.0, "max": 15.595283508300781, "unit": "GB"}, "version": 11}
{"obj": {"type": "ClearFloatLog", "path": ["monitoring", "memory"]}, "version": 12}
{"obj": {"type": "ConfigFloatSeries", "path": ["monitoring", "gpu"], "min": 0.0, "max": 100.0, "unit": "%"}, "version": 13}
{"obj": {"type": "ClearFloatLog", "path": ["monitoring", "gpu"]}, "version": 14}
{"obj": {"type": "ConfigFloatSeries", "path": ["monitoring", "gpu_memory"], "min": 0.0, "max": 47.45440673828125, "unit": "GB"}, "version": 15}
{"obj": {"type": "ClearFloatLog", "path": ["monitoring", "gpu_memory"]}, "version": 16}
{"obj": {"type": "LogFloats", "path": ["monitoring", "cpu"], "values": [{"value": 10.8, "step": null, "ts": 1652649195.0250466}]}, "version": 17}
{"obj": {"type": "LogFloats", "path": ["monitoring", "memory"], "values": [{"value": 3.3401756286621094, "step": null, "ts": 1652649195.0250466}]}, "version": 18}
{"obj": {"type": "LogFloats", "path": ["monitoring", "gpu_memory"], "values": [{"value": 0.36444091796875, "step": null, "ts": 1652649195.0250466}]}, "version": 19}
{"obj": {"type": "LogStrings", "path": ["monitoring", "stdout"], "values": [{"value": "train", "step": null, "ts": 1652649195.1111455}]}, "version": 20}
{"obj": {"type": "LogStrings", "path": ["monitoring", "stdout"], "values": [{"value": " ", "step": null, "ts": 1652649195.112504}]}, "version": 21}
{"obj": {"type": "LogStrings", "path": ["monitoring", "stdout"], "values": [{"value": "34994", "step": null, "ts": 1652649195.1139162}]}, "version": 22}
{"obj": {"type": "LogStrings", "path": ["monitoring", "stdout"], "values": [{"value": "\n", "step": null, "ts": 1652649195.115144}]}, "version": 23}
{"obj": {"type": "LogStrings", "path": ["monitoring", "stdout"], "values": [{"value": "Apply training transform.", "step": null, "ts": 1652649195.1165357}]}, "version": 24}
{"obj": {"type": "LogStrings", "path": ["monitoring", "stdout"], "values": [{"value": "\n", "step": null, "ts": 1652649195.1179788}]}, "version": 25}
{"obj": {"type": "LogStrings", "path": ["monitoring", "stdout"], "values": [{"value": "", "step": null, "ts": 1652649195.1191728}]}, "version": 26}
{"obj": {"type": "LogStrings", "path": ["monitoring", "stdout"], "values": [{"value": "\n", "step": null, "ts": 1652649195.1208136}]}, "version": 27}
{"obj": {"type": "LogStrings", "path": ["monitoring", "stdout"], "values": [{"value": "train", "step": null, "ts": 1652649195.1313472}]}, "version": 28}
{"obj": {"type": "LogStrings", "path": ["monitoring", "stdout"], "values": [{"value": " ", "step": null, "ts": 1652649195.132806}]}, "version": 29}
{"obj": {"type": "LogStrings", "path": ["monitoring", "stdout"], "values": [{"value": "3499", "step": null, "ts": 1652649195.134618}]}, "version": 30}
{"obj": {"type": "LogStrings", "path": ["monitoring", "stdout"], "values": [{"value": "\n", "step": null, "ts": 1652649195.1359065}]}, "version": 31}
{"obj": {"type": "LogStrings", "path": ["monitoring", "stdout"], "values": [{"value": "Apply training transform.", "step": null, "ts": 1652649195.1374128}]}, "version": 32}
{"obj": {"type": "LogStrings", "path": ["monitoring", "stdout"], "values": [{"value": "\n", "step": null, "ts": 1652649195.13889}]}, "version": 33}
{"obj": {"type": "LogStrings", "path": ["monitoring", "stdout"], "values": [{"value": "", "step": null, "ts": 1652649195.1401658}]}, "version": 34}
{"obj": {"type": "LogStrings", "path": ["monitoring", "stdout"], "values": [{"value": "\n", "step": null, "ts": 1652649195.14136}]}, "version": 35}
{"obj": {"type": "LogStrings", "path": ["monitoring", "stdout"], "values": [{"value": "number of test data: ", "step": null, "ts": 1652649195.1426957}]}, "version": 36}
{"obj": {"type": "LogStrings", "path": ["monitoring", "stdout"], "values": [{"value": " ", "step": null, "ts": 1652649195.143985}]}, "version": 37}
{"obj": {"type": "LogStrings", "path": ["monitoring", "stdout"], "values": [{"value": "3499", "step": null, "ts": 1652649195.1454039}]}, "version": 38}
{"obj": {"type": "LogStrings", "path": ["monitoring", "stdout"], "values": [{"value": "\n", "step": null, "ts": 1652649195.1467335}]}, "version": 39}
{"obj": {"type": "LogStrings", "path": ["monitoring", "stdout"], "values": [{"value": "number of train data: ", "step": null, "ts": 1652649195.1482985}]}, "version": 40}
{"obj": {"type": "LogStrings", "path": ["monitoring", "stdout"], "values": [{"value": " ", "step": null, "ts": 1652649195.1495392}]}, "version": 41}
{"obj": {"type": "LogStrings", "path": ["monitoring", "stdout"], "values": [{"value": "34994", "step": null, "ts": 1652649195.1510096}]}, "version": 42}
{"obj": {"type": "LogStrings", "path": ["monitoring", "stdout"], "values": [{"value": "\n", "step": null, "ts": 1652649195.1523488}]}, "version": 43}
{"obj": {"type": "LogStrings", "path": ["monitoring", "stderr"], "values": [{"value": "/home/iot/sxw5765/vac_gsl/iso_cnn/../modules/tconv.py:44: UserWarning: floor_divide is deprecated, and will be removed in a future version of pytorch. It currently rounds toward 0 (like the 'trunc' function NOT 'floor'). This results in incorrect rounding for negative values.\nTo keep the current behavior, use torch.div(a, b, rounding_mode='trunc'), or for actual floor division, use torch.div(a, b, rounding_mode='floor'). (Triggered internally at  /opt/conda/conda-bld/pytorch_1646755903507/work/aten/src/ATen/native/BinaryOps.cpp:590.)\n  feat_len //= 2\n", "step": null, "ts": 1652649200.1081553}]}, "version": 44}
{"obj": {"type": "LogFloats", "path": ["train loss"], "values": [{"value": 5.73128604888916, "step": null, "ts": 1652649200.1183693}]}, "version": 45}
{"obj": {"type": "LogFloats", "path": ["train loss"], "values": [{"value": 5.982244968414307, "step": null, "ts": 1652649201.184353}]}, "version": 46}
{"obj": {"type": "LogFloats", "path": ["train loss"], "values": [{"value": 5.628175258636475, "step": null, "ts": 1652649202.3555639}]}, "version": 47}
{"obj": {"type": "LogFloats", "path": ["train loss"], "values": [{"value": 5.71631383895874, "step": null, "ts": 1652649203.5637565}]}, "version": 48}
{"obj": {"type": "LogFloats", "path": ["train loss"], "values": [{"value": 5.680881500244141, "step": null, "ts": 1652649204.763582}]}, "version": 49}
{"obj": {"type": "LogFloats", "path": ["monitoring", "cpu"], "values": [{"value": 32.1, "step": null, "ts": 1652649205.0439246}]}, "version": 50}
{"obj": {"type": "LogFloats", "path": ["monitoring", "memory"], "values": [{"value": 6.451271057128906, "step": null, "ts": 1652649205.0439246}]}, "version": 51}
{"obj": {"type": "LogFloats", "path": ["monitoring", "gpu"], "values": [{"value": 97.0, "step": null, "ts": 1652649205.0439246}]}, "version": 52}
{"obj": {"type": "LogFloats", "path": ["monitoring", "gpu_memory"], "values": [{"value": 16.4716796875, "step": null, "ts": 1652649205.0439246}]}, "version": 53}
{"obj": {"type": "LogFloats", "path": ["train loss"], "values": [{"value": 5.67558479309082, "step": null, "ts": 1652649206.0883982}]}, "version": 54}
{"obj": {"type": "LogFloats", "path": ["train loss"], "values": [{"value": 5.432676792144775, "step": null, "ts": 1652649207.578258}]}, "version": 55}
{"obj": {"type": "LogFloats", "path": ["train loss"], "values": [{"value": 5.6994524002075195, "step": null, "ts": 1652649208.771224}]}, "version": 56}
{"obj": {"type": "LogFloats", "path": ["train loss"], "values": [{"value": 5.145896911621094, "step": null, "ts": 1652649209.7289805}]}, "version": 57}
{"obj": {"type": "LogFloats", "path": ["train loss"], "values": [{"value": 5.483895778656006, "step": null, "ts": 1652649210.7700276}]}, "version": 58}
{"obj": {"type": "LogFloats", "path": ["train loss"], "values": [{"value": 5.721522331237793, "step": null, "ts": 1652649211.8987076}]}, "version": 59}
{"obj": {"type": "LogFloats", "path": ["train loss"], "values": [{"value": 5.5908002853393555, "step": null, "ts": 1652649213.2058513}]}, "version": 60}
{"obj": {"type": "LogFloats", "path": ["train loss"], "values": [{"value": 5.119470119476318, "step": null, "ts": 1652649214.2618458}]}, "version": 61}
{"obj": {"type": "LogFloats", "path": ["monitoring", "cpu"], "values": [{"value": 44.8, "step": null, "ts": 1652649215.0500476}]}, "version": 62}
{"obj": {"type": "LogFloats", "path": ["monitoring", "memory"], "values": [{"value": 6.4625396728515625, "step": null, "ts": 1652649215.0500476}]}, "version": 63}
{"obj": {"type": "LogFloats", "path": ["monitoring", "gpu_memory"], "values": [{"value": 16.4716796875, "step": null, "ts": 1652649215.0500476}]}, "version": 64}
{"obj": {"type": "LogFloats", "path": ["train loss"], "values": [{"value": 5.724391937255859, "step": null, "ts": 1652649215.2582183}]}, "version": 65}
{"obj": {"type": "LogFloats", "path": ["train loss"], "values": [{"value": 5.66550874710083, "step": null, "ts": 1652649216.5073745}]}, "version": 66}
{"obj": {"type": "LogFloats", "path": ["train loss"], "values": [{"value": 5.996981143951416, "step": null, "ts": 1652649217.7473838}]}, "version": 67}
{"obj": {"type": "LogFloats", "path": ["train loss"], "values": [{"value": 5.217391014099121, "step": null, "ts": 1652649218.8995261}]}, "version": 68}
{"obj": {"type": "LogFloats", "path": ["train loss"], "values": [{"value": 5.382208824157715, "step": null, "ts": 1652649220.081808}]}, "version": 69}
{"obj": {"type": "LogFloats", "path": ["train loss"], "values": [{"value": 5.122872352600098, "step": null, "ts": 1652649221.323991}]}, "version": 70}
{"obj": {"type": "LogFloats", "path": ["train loss"], "values": [{"value": 5.907184600830078, "step": null, "ts": 1652649222.4394176}]}, "version": 71}
{"obj": {"type": "LogFloats", "path": ["train loss"], "values": [{"value": 5.446395397186279, "step": null, "ts": 1652649223.3889449}]}, "version": 72}
{"obj": {"type": "LogFloats", "path": ["train loss"], "values": [{"value": 5.2591552734375, "step": null, "ts": 1652649224.3989367}]}, "version": 73}
{"obj": {"type": "LogFloats", "path": ["monitoring", "cpu"], "values": [{"value": 44.9, "step": null, "ts": 1652649225.056163}]}, "version": 74}
{"obj": {"type": "LogFloats", "path": ["monitoring", "memory"], "values": [{"value": 6.422248840332031, "step": null, "ts": 1652649225.056163}]}, "version": 75}
{"obj": {"type": "LogFloats", "path": ["monitoring", "gpu_memory"], "values": [{"value": 20.8798828125, "step": null, "ts": 1652649225.056163}]}, "version": 76}
{"obj": {"type": "LogFloats", "path": ["train loss"], "values": [{"value": 5.321341514587402, "step": null, "ts": 1652649225.7580838}]}, "version": 77}
{"obj": {"type": "LogFloats", "path": ["train loss"], "values": [{"value": 5.434074401855469, "step": null, "ts": 1652649226.7509131}]}, "version": 78}
{"obj": {"type": "LogFloats", "path": ["train loss"], "values": [{"value": 5.5957159996032715, "step": null, "ts": 1652649228.474841}]}, "version": 79}
{"obj": {"type": "LogFloats", "path": ["train loss"], "values": [{"value": 5.274004936218262, "step": null, "ts": 1652649229.930659}]}, "version": 80}
{"obj": {"type": "LogFloats", "path": ["train loss"], "values": [{"value": 5.211755275726318, "step": null, "ts": 1652649231.228748}]}, "version": 81}
{"obj": {"type": "LogFloats", "path": ["train loss"], "values": [{"value": 5.449820041656494, "step": null, "ts": 1652649233.2228394}]}, "version": 82}
{"obj": {"type": "LogFloats", "path": ["train loss"], "values": [{"value": 5.1570634841918945, "step": null, "ts": 1652649234.8112392}]}, "version": 83}
{"obj": {"type": "LogFloats", "path": ["monitoring", "cpu"], "values": [{"value": 38.3, "step": null, "ts": 1652649235.061745}]}, "version": 84}
{"obj": {"type": "LogFloats", "path": ["monitoring", "memory"], "values": [{"value": 6.384243011474609, "step": null, "ts": 1652649235.061745}]}, "version": 85}
{"obj": {"type": "LogFloats", "path": ["monitoring", "gpu"], "values": [{"value": 96.0, "step": null, "ts": 1652649235.061745}]}, "version": 86}
{"obj": {"type": "LogFloats", "path": ["monitoring", "gpu_memory"], "values": [{"value": 25.9580078125, "step": null, "ts": 1652649235.061745}]}, "version": 87}
{"obj": {"type": "LogFloats", "path": ["train loss"], "values": [{"value": 5.929967403411865, "step": null, "ts": 1652649236.6690052}]}, "version": 88}
{"obj": {"type": "LogFloats", "path": ["train loss"], "values": [{"value": 5.032751083374023, "step": null, "ts": 1652649238.3620968}]}, "version": 89}
{"obj": {"type": "LogFloats", "path": ["train loss"], "values": [{"value": 5.442571640014648, "step": null, "ts": 1652649240.1480186}]}, "version": 90}
{"obj": {"type": "LogFloats", "path": ["train loss"], "values": [{"value": 5.529453754425049, "step": null, "ts": 1652649242.269004}]}, "version": 91}
{"obj": {"type": "LogFloats", "path": ["train loss"], "values": [{"value": 4.65198278427124, "step": null, "ts": 1652649244.0521638}]}, "version": 92}
{"obj": {"type": "LogFloats", "path": ["monitoring", "cpu"], "values": [{"value": 37.2, "step": null, "ts": 1652649245.068043}]}, "version": 93}
{"obj": {"type": "LogFloats", "path": ["monitoring", "memory"], "values": [{"value": 6.4473724365234375, "step": null, "ts": 1652649245.068043}]}, "version": 94}
{"obj": {"type": "LogFloats", "path": ["monitoring", "gpu_memory"], "values": [{"value": 25.9580078125, "step": null, "ts": 1652649245.068043}]}, "version": 95}
{"obj": {"type": "LogFloats", "path": ["train loss"], "values": [{"value": 5.0596818923950195, "step": null, "ts": 1652649246.1048825}]}, "version": 96}
{"obj": {"type": "LogFloats", "path": ["train loss"], "values": [{"value": 4.98166561126709, "step": null, "ts": 1652649247.7541397}]}, "version": 97}
{"obj": {"type": "LogFloats", "path": ["train loss"], "values": [{"value": 6.197307586669922, "step": null, "ts": 1652649249.4593155}]}, "version": 98}
{"obj": {"type": "LogFloats", "path": ["train loss"], "values": [{"value": 6.262025356292725, "step": null, "ts": 1652649251.0922184}]}, "version": 99}
{"obj": {"type": "LogFloats", "path": ["train loss"], "values": [{"value": 5.618315696716309, "step": null, "ts": 1652649252.5232625}]}, "version": 100}
{"obj": {"type": "LogFloats", "path": ["train loss"], "values": [{"value": 6.028841972351074, "step": null, "ts": 1652649254.268722}]}, "version": 101}
{"obj": {"type": "LogFloats", "path": ["monitoring", "cpu"], "values": [{"value": 37.5, "step": null, "ts": 1652649255.0730274}]}, "version": 102}
{"obj": {"type": "LogFloats", "path": ["monitoring", "memory"], "values": [{"value": 6.54150390625, "step": null, "ts": 1652649255.0730274}]}, "version": 103}
{"obj": {"type": "LogFloats", "path": ["monitoring", "gpu_memory"], "values": [{"value": 25.9580078125, "step": null, "ts": 1652649255.0730274}]}, "version": 104}
{"obj": {"type": "LogFloats", "path": ["train loss"], "values": [{"value": 5.4655656814575195, "step": null, "ts": 1652649255.913916}]}, "version": 105}
{"obj": {"type": "LogFloats", "path": ["train loss"], "values": [{"value": 5.408091068267822, "step": null, "ts": 1652649257.3975253}]}, "version": 106}
{"obj": {"type": "LogFloats", "path": ["train loss"], "values": [{"value": 4.897841453552246, "step": null, "ts": 1652649259.0524855}]}, "version": 107}
{"obj": {"type": "LogFloats", "path": ["train loss"], "values": [{"value": 5.0916290283203125, "step": null, "ts": 1652649260.8316205}]}, "version": 108}
{"obj": {"type": "LogFloats", "path": ["train loss"], "values": [{"value": 4.639167785644531, "step": null, "ts": 1652649262.6404107}]}, "version": 109}
{"obj": {"type": "LogFloats", "path": ["train loss"], "values": [{"value": 5.020225524902344, "step": null, "ts": 1652649264.8926013}]}, "version": 110}
{"obj": {"type": "LogFloats", "path": ["monitoring", "cpu"], "values": [{"value": 37.2, "step": null, "ts": 1652649265.0794215}]}, "version": 111}
{"obj": {"type": "LogFloats", "path": ["monitoring", "memory"], "values": [{"value": 6.536113739013672, "step": null, "ts": 1652649265.0794215}]}, "version": 112}
{"obj": {"type": "LogFloats", "path": ["monitoring", "gpu"], "values": [{"value": 71.0, "step": null, "ts": 1652649265.0794215}]}, "version": 113}
{"obj": {"type": "LogFloats", "path": ["monitoring", "gpu_memory"], "values": [{"value": 25.9580078125, "step": null, "ts": 1652649265.0794215}]}, "version": 114}
{"obj": {"type": "LogFloats", "path": ["train loss"], "values": [{"value": 5.184781074523926, "step": null, "ts": 1652649266.7468677}]}, "version": 115}
{"obj": {"type": "LogFloats", "path": ["train loss"], "values": [{"value": 5.937220573425293, "step": null, "ts": 1652649268.389952}]}, "version": 116}
{"obj": {"type": "LogFloats", "path": ["train loss"], "values": [{"value": 5.7491888999938965, "step": null, "ts": 1652649269.9472709}]}, "version": 117}
{"obj": {"type": "LogFloats", "path": ["train loss"], "values": [{"value": 5.118044376373291, "step": null, "ts": 1652649271.5190375}]}, "version": 118}
{"obj": {"type": "LogFloats", "path": ["train loss"], "values": [{"value": 5.251648902893066, "step": null, "ts": 1652649273.0201914}]}, "version": 119}
{"obj": {"type": "LogFloats", "path": ["train loss"], "values": [{"value": 4.847403526306152, "step": null, "ts": 1652649274.7693}]}, "version": 120}
{"obj": {"type": "LogFloats", "path": ["monitoring", "cpu"], "values": [{"value": 38.7, "step": null, "ts": 1652649275.086431}]}, "version": 121}
{"obj": {"type": "LogFloats", "path": ["monitoring", "memory"], "values": [{"value": 6.469974517822266, "step": null, "ts": 1652649275.086431}]}, "version": 122}
{"obj": {"type": "LogFloats", "path": ["monitoring", "gpu"], "values": [{"value": 98.0, "step": null, "ts": 1652649275.086431}]}, "version": 123}
{"obj": {"type": "LogFloats", "path": ["monitoring", "gpu_memory"], "values": [{"value": 25.9580078125, "step": null, "ts": 1652649275.086431}]}, "version": 124}
{"obj": {"type": "LogFloats", "path": ["train loss"], "values": [{"value": 4.699666976928711, "step": null, "ts": 1652649276.2525995}]}, "version": 125}
{"obj": {"type": "LogFloats", "path": ["train loss"], "values": [{"value": 5.550971984863281, "step": null, "ts": 1652649277.9650269}]}, "version": 126}
{"obj": {"type": "LogFloats", "path": ["train loss"], "values": [{"value": 4.946561813354492, "step": null, "ts": 1652649279.3562074}]}, "version": 127}
{"obj": {"type": "LogFloats", "path": ["train loss"], "values": [{"value": 4.866152763366699, "step": null, "ts": 1652649281.0013745}]}, "version": 128}
{"obj": {"type": "LogFloats", "path": ["train loss"], "values": [{"value": 5.429965019226074, "step": null, "ts": 1652649282.6841471}]}, "version": 129}
{"obj": {"type": "LogFloats", "path": ["train loss"], "values": [{"value": 5.164302825927734, "step": null, "ts": 1652649284.6350787}]}, "version": 130}
{"obj": {"type": "LogFloats", "path": ["monitoring", "cpu"], "values": [{"value": 37.8, "step": null, "ts": 1652649285.0965686}]}, "version": 131}
{"obj": {"type": "LogFloats", "path": ["monitoring", "memory"], "values": [{"value": 6.519176483154297, "step": null, "ts": 1652649285.0965686}]}, "version": 132}
{"obj": {"type": "LogFloats", "path": ["monitoring", "gpu"], "values": [{"value": 48.0, "step": null, "ts": 1652649285.0965686}]}, "version": 133}
{"obj": {"type": "LogFloats", "path": ["monitoring", "gpu_memory"], "values": [{"value": 25.9580078125, "step": null, "ts": 1652649285.0965686}]}, "version": 134}
{"obj": {"type": "LogFloats", "path": ["train loss"], "values": [{"value": 5.670708656311035, "step": null, "ts": 1652649286.2169771}]}, "version": 135}
{"obj": {"type": "LogFloats", "path": ["train loss"], "values": [{"value": 5.427772045135498, "step": null, "ts": 1652649287.924934}]}, "version": 136}
{"obj": {"type": "LogFloats", "path": ["train loss"], "values": [{"value": 5.090860366821289, "step": null, "ts": 1652649289.471732}]}, "version": 137}
{"obj": {"type": "LogFloats", "path": ["train loss"], "values": [{"value": 4.596816539764404, "step": null, "ts": 1652649290.9439101}]}, "version": 138}
{"obj": {"type": "LogFloats", "path": ["train loss"], "values": [{"value": 4.910067558288574, "step": null, "ts": 1652649292.6605308}]}, "version": 139}
{"obj": {"type": "LogFloats", "path": ["train loss"], "values": [{"value": 4.532993316650391, "step": null, "ts": 1652649294.2937243}]}, "version": 140}
{"obj": {"type": "LogFloats", "path": ["monitoring", "cpu"], "values": [{"value": 36.7, "step": null, "ts": 1652649295.102968}]}, "version": 141}
{"obj": {"type": "LogFloats", "path": ["monitoring", "memory"], "values": [{"value": 6.494869232177734, "step": null, "ts": 1652649295.102968}]}, "version": 142}
{"obj": {"type": "LogFloats", "path": ["monitoring", "gpu_memory"], "values": [{"value": 25.9580078125, "step": null, "ts": 1652649295.102968}]}, "version": 143}
{"obj": {"type": "LogFloats", "path": ["train loss"], "values": [{"value": 4.362133979797363, "step": null, "ts": 1652649295.8958206}]}, "version": 144}
{"obj": {"type": "LogFloats", "path": ["train loss"], "values": [{"value": 4.981767654418945, "step": null, "ts": 1652649297.4616377}]}, "version": 145}
{"obj": {"type": "LogFloats", "path": ["train loss"], "values": [{"value": 5.079613208770752, "step": null, "ts": 1652649299.099175}]}, "version": 146}
{"obj": {"type": "LogFloats", "path": ["train loss"], "values": [{"value": 4.929887771606445, "step": null, "ts": 1652649301.041894}]}, "version": 147}
{"obj": {"type": "LogFloats", "path": ["train loss"], "values": [{"value": 4.631704330444336, "step": null, "ts": 1652649302.7042093}]}, "version": 148}
{"obj": {"type": "LogFloats", "path": ["train loss"], "values": [{"value": 4.8277130126953125, "step": null, "ts": 1652649304.19674}]}, "version": 149}
{"obj": {"type": "LogFloats", "path": ["monitoring", "cpu"], "values": [{"value": 37.6, "step": null, "ts": 1652649305.1079843}]}, "version": 150}
{"obj": {"type": "LogFloats", "path": ["monitoring", "memory"], "values": [{"value": 6.505901336669922, "step": null, "ts": 1652649305.1079843}]}, "version": 151}
{"obj": {"type": "LogFloats", "path": ["monitoring", "gpu_memory"], "values": [{"value": 25.9580078125, "step": null, "ts": 1652649305.1079843}]}, "version": 152}
{"obj": {"type": "LogFloats", "path": ["train loss"], "values": [{"value": 5.803393363952637, "step": null, "ts": 1652649306.1410847}]}, "version": 153}
{"obj": {"type": "LogFloats", "path": ["train loss"], "values": [{"value": 5.235791206359863, "step": null, "ts": 1652649307.6832094}]}, "version": 154}
{"obj": {"type": "LogFloats", "path": ["train loss"], "values": [{"value": 4.968857765197754, "step": null, "ts": 1652649309.1540334}]}, "version": 155}
{"obj": {"type": "LogFloats", "path": ["train loss"], "values": [{"value": 5.016462802886963, "step": null, "ts": 1652649310.9628794}]}, "version": 156}
{"obj": {"type": "LogFloats", "path": ["train loss"], "values": [{"value": 5.265133857727051, "step": null, "ts": 1652649312.7345278}]}, "version": 157}
{"obj": {"type": "LogFloats", "path": ["train loss"], "values": [{"value": 5.639174461364746, "step": null, "ts": 1652649314.4490452}]}, "version": 158}
{"obj": {"type": "LogFloats", "path": ["monitoring", "cpu"], "values": [{"value": 37.7, "step": null, "ts": 1652649315.1134245}]}, "version": 159}
{"obj": {"type": "LogFloats", "path": ["monitoring", "memory"], "values": [{"value": 6.473804473876953, "step": null, "ts": 1652649315.1134245}]}, "version": 160}
{"obj": {"type": "LogFloats", "path": ["monitoring", "gpu_memory"], "values": [{"value": 25.9580078125, "step": null, "ts": 1652649315.1134245}]}, "version": 161}
{"obj": {"type": "LogStrings", "path": ["monitoring", "traceback"], "values": [{"value": "An uncaught exception occurred while run was active on worker e5-cse-314-01.", "step": null, "ts": 1652649315.9529908}, {"value": "Marking run as failed", "step": null, "ts": 1652649315.9529908}, {"value": "Traceback:", "step": null, "ts": 1652649315.9529908}, {"value": "  File \"train.py\", line 78, in <module>\n    acc = torch.sum(label == prediction).cpu() / 8\n", "step": null, "ts": 1652649315.9529908}, {"value": "CUDA error: device-side assert triggered", "step": null, "ts": 1652649315.9529908}, {"value": "CUDA kernel errors might be asynchronously reported at some other API call,so the stacktrace below might be incorrect.", "step": null, "ts": 1652649315.9529908}, {"value": "For debugging consider passing CUDA_LAUNCH_BLOCKING=1.", "step": null, "ts": 1652649315.9529908}]}, "version": 162}
{"obj": {"type": "AssignBool", "path": ["sys", "failed"], "value": true}, "version": 163}
{"obj": {"type": "LogStrings", "path": ["monitoring", "stderr"], "values": [{"value": "Traceback (most recent call last):\n", "step": null, "ts": 1652649315.9556644}]}, "version": 164}
{"obj": {"type": "LogStrings", "path": ["monitoring", "stderr"], "values": [{"value": "  File \"train.py\", line 78, in <module>\n", "step": null, "ts": 1652649315.9567428}]}, "version": 165}
{"obj": {"type": "LogStrings", "path": ["monitoring", "stderr"], "values": [{"value": "    ", "step": null, "ts": 1652649315.9583054}]}, "version": 166}
{"obj": {"type": "LogStrings", "path": ["monitoring", "stderr"], "values": [{"value": "acc = torch.sum(label == prediction).cpu() / 8", "step": null, "ts": 1652649315.9601686}]}, "version": 167}
{"obj": {"type": "LogStrings", "path": ["monitoring", "stderr"], "values": [{"value": "\n", "step": null, "ts": 1652649315.9614136}]}, "version": 168}
{"obj": {"type": "LogStrings", "path": ["monitoring", "stderr"], "values": [{"value": "RuntimeError", "step": null, "ts": 1652649315.9624522}]}, "version": 169}
{"obj": {"type": "LogStrings", "path": ["monitoring", "stderr"], "values": [{"value": ": ", "step": null, "ts": 1652649315.963927}]}, "version": 170}
{"obj": {"type": "LogStrings", "path": ["monitoring", "stderr"], "values": [{"value": "CUDA error: device-side assert triggered\nCUDA kernel errors might be asynchronously reported at some other API call,so the stacktrace below might be incorrect.\nFor debugging consider passing CUDA_LAUNCH_BLOCKING=1.", "step": null, "ts": 1652649315.9650915}]}, "version": 171}
{"obj": {"type": "LogStrings", "path": ["monitoring", "stderr"], "values": [{"value": "\n", "step": null, "ts": 1652649315.9661927}]}, "version": 172}
{"obj": {"type": "LogStrings", "path": ["monitoring", "stdout"], "values": [{"value": "", "step": null, "ts": 1652649315.967408}]}, "version": 173}
{"obj": {"type": "LogStrings", "path": ["monitoring", "stdout"], "values": [{"value": "Shutting down background jobs, please wait a moment...\n", "step": null, "ts": 1652649315.9684806}]}, "version": 174}
