{"obj": {"type": "AssignString", "path": ["sys", "name"], "value": "Untitled"}, "version": 1}
{"obj": {"type": "AssignString", "path": ["sys", "description"], "value": ""}, "version": 2}
{"obj": {"type": "AssignString", "path": ["sys", "hostname"], "value": "e5-cse-314-01"}, "version": 3}
{"obj": {"type": "AssignBool", "path": ["sys", "failed"], "value": false}, "version": 4}
{"obj": {"type": "ClearStringLog", "path": ["monitoring", "stdout"]}, "version": 5}
{"obj": {"type": "ClearStringLog", "path": ["monitoring", "stderr"]}, "version": 6}
{"obj": {"type": "AssignString", "path": ["source_code", "entrypoint"], "value": "train.py"}, "version": 7}
{"obj": {"type": "UploadFileSet", "path": ["source_code", "files"], "file_globs": ["/home/iot/sxw5765/vac_gsl/iso_cnn/train.py"], "reset": "False"}, "version": 8}
{"obj": {"type": "ConfigFloatSeries", "path": ["monitoring", "cpu"], "min": 0.0, "max": 100.0, "unit": "%"}, "version": 9}
{"obj": {"type": "ClearFloatLog", "path": ["monitoring", "cpu"]}, "version": 10}
{"obj": {"type": "ConfigFloatSeries", "path": ["monitoring", "memory"], "min": 0.0, "max": 15.595283508300781, "unit": "GB"}, "version": 11}
{"obj": {"type": "ClearFloatLog", "path": ["monitoring", "memory"]}, "version": 12}
{"obj": {"type": "ConfigFloatSeries", "path": ["monitoring", "gpu"], "min": 0.0, "max": 100.0, "unit": "%"}, "version": 13}
{"obj": {"type": "ClearFloatLog", "path": ["monitoring", "gpu"]}, "version": 14}
{"obj": {"type": "ConfigFloatSeries", "path": ["monitoring", "gpu_memory"], "min": 0.0, "max": 47.45440673828125, "unit": "GB"}, "version": 15}
{"obj": {"type": "ClearFloatLog", "path": ["monitoring", "gpu_memory"]}, "version": 16}
{"obj": {"type": "LogFloats", "path": ["monitoring", "cpu"], "values": [{"value": 11.0, "step": null, "ts": 1652649719.1116188}]}, "version": 17}
{"obj": {"type": "LogFloats", "path": ["monitoring", "memory"], "values": [{"value": 3.342456817626953, "step": null, "ts": 1652649719.1116188}]}, "version": 18}
{"obj": {"type": "LogFloats", "path": ["monitoring", "gpu_memory"], "values": [{"value": 0.36444091796875, "step": null, "ts": 1652649719.1116188}]}, "version": 19}
{"obj": {"type": "LogStrings", "path": ["monitoring", "stdout"], "values": [{"value": "train", "step": null, "ts": 1652649719.2039204}]}, "version": 20}
{"obj": {"type": "LogStrings", "path": ["monitoring", "stdout"], "values": [{"value": " ", "step": null, "ts": 1652649719.2052333}]}, "version": 21}
{"obj": {"type": "LogStrings", "path": ["monitoring", "stdout"], "values": [{"value": "34994", "step": null, "ts": 1652649719.206717}]}, "version": 22}
{"obj": {"type": "LogStrings", "path": ["monitoring", "stdout"], "values": [{"value": "\n", "step": null, "ts": 1652649719.207833}]}, "version": 23}
{"obj": {"type": "LogStrings", "path": ["monitoring", "stdout"], "values": [{"value": "Apply training transform.", "step": null, "ts": 1652649719.2091012}]}, "version": 24}
{"obj": {"type": "LogStrings", "path": ["monitoring", "stdout"], "values": [{"value": "\n", "step": null, "ts": 1652649719.2103055}]}, "version": 25}
{"obj": {"type": "LogStrings", "path": ["monitoring", "stdout"], "values": [{"value": "", "step": null, "ts": 1652649719.2116537}]}, "version": 26}
{"obj": {"type": "LogStrings", "path": ["monitoring", "stdout"], "values": [{"value": "\n", "step": null, "ts": 1652649719.2130136}]}, "version": 27}
{"obj": {"type": "LogStrings", "path": ["monitoring", "stdout"], "values": [{"value": "train", "step": null, "ts": 1652649719.2209134}]}, "version": 28}
{"obj": {"type": "LogStrings", "path": ["monitoring", "stdout"], "values": [{"value": " ", "step": null, "ts": 1652649719.2224941}]}, "version": 29}
{"obj": {"type": "LogStrings", "path": ["monitoring", "stdout"], "values": [{"value": "3499", "step": null, "ts": 1652649719.2238467}]}, "version": 30}
{"obj": {"type": "LogStrings", "path": ["monitoring", "stdout"], "values": [{"value": "\n", "step": null, "ts": 1652649719.2250412}]}, "version": 31}
{"obj": {"type": "LogStrings", "path": ["monitoring", "stdout"], "values": [{"value": "Apply training transform.", "step": null, "ts": 1652649719.226382}]}, "version": 32}
{"obj": {"type": "LogStrings", "path": ["monitoring", "stdout"], "values": [{"value": "\n", "step": null, "ts": 1652649719.2276525}]}, "version": 33}
{"obj": {"type": "LogStrings", "path": ["monitoring", "stdout"], "values": [{"value": "", "step": null, "ts": 1652649719.2289877}]}, "version": 34}
{"obj": {"type": "LogStrings", "path": ["monitoring", "stdout"], "values": [{"value": "\n", "step": null, "ts": 1652649719.2301745}]}, "version": 35}
{"obj": {"type": "LogStrings", "path": ["monitoring", "stdout"], "values": [{"value": "number of test data: ", "step": null, "ts": 1652649719.231738}]}, "version": 36}
{"obj": {"type": "LogStrings", "path": ["monitoring", "stdout"], "values": [{"value": " ", "step": null, "ts": 1652649719.2329915}]}, "version": 37}
{"obj": {"type": "LogStrings", "path": ["monitoring", "stdout"], "values": [{"value": "3499", "step": null, "ts": 1652649719.234254}]}, "version": 38}
{"obj": {"type": "LogStrings", "path": ["monitoring", "stdout"], "values": [{"value": "\n", "step": null, "ts": 1652649719.2353938}]}, "version": 39}
{"obj": {"type": "LogStrings", "path": ["monitoring", "stdout"], "values": [{"value": "number of train data: ", "step": null, "ts": 1652649719.2365382}]}, "version": 40}
{"obj": {"type": "LogStrings", "path": ["monitoring", "stdout"], "values": [{"value": " ", "step": null, "ts": 1652649719.2376626}]}, "version": 41}
{"obj": {"type": "LogStrings", "path": ["monitoring", "stdout"], "values": [{"value": "34994", "step": null, "ts": 1652649719.2388282}]}, "version": 42}
{"obj": {"type": "LogStrings", "path": ["monitoring", "stdout"], "values": [{"value": "\n", "step": null, "ts": 1652649719.2399266}]}, "version": 43}
{"obj": {"type": "LogStrings", "path": ["monitoring", "stderr"], "values": [{"value": "/home/iot/sxw5765/vac_gsl/iso_cnn/../modules/tconv.py:44: UserWarning: floor_divide is deprecated, and will be removed in a future version of pytorch. It currently rounds toward 0 (like the 'trunc' function NOT 'floor'). This results in incorrect rounding for negative values.\nTo keep the current behavior, use torch.div(a, b, rounding_mode='trunc'), or for actual floor division, use torch.div(a, b, rounding_mode='floor'). (Triggered internally at  /opt/conda/conda-bld/pytorch_1646755903507/work/aten/src/ATen/native/BinaryOps.cpp:590.)\n  feat_len //= 2\n", "step": null, "ts": 1652649722.5478554}]}, "version": 44}
{"obj": {"type": "LogStrings", "path": ["monitoring", "stdout"], "values": [{"value": "torch.Size([8, 308])", "step": null, "ts": 1652649722.550551}]}, "version": 45}
{"obj": {"type": "LogStrings", "path": ["monitoring", "stdout"], "values": [{"value": "\n", "step": null, "ts": 1652649722.552082}]}, "version": 46}
{"obj": {"type": "LogFloats", "path": ["train loss"], "values": [{"value": 5.830780029296875, "step": null, "ts": 1652649722.5541482}]}, "version": 47}
{"obj": {"type": "LogStrings", "path": ["monitoring", "stdout"], "values": [{"value": "torch.Size([8, 308])", "step": null, "ts": 1652649723.5872543}]}, "version": 48}
{"obj": {"type": "LogStrings", "path": ["monitoring", "stdout"], "values": [{"value": "\n", "step": null, "ts": 1652649723.589012}]}, "version": 49}
{"obj": {"type": "LogFloats", "path": ["train loss"], "values": [{"value": 6.008452415466309, "step": null, "ts": 1652649723.5904176}]}, "version": 50}
{"obj": {"type": "LogStrings", "path": ["monitoring", "stdout"], "values": [{"value": "torch.Size([8, 308])", "step": null, "ts": 1652649724.5979996}]}, "version": 51}
{"obj": {"type": "LogStrings", "path": ["monitoring", "stdout"], "values": [{"value": "\n", "step": null, "ts": 1652649724.6001136}]}, "version": 52}
{"obj": {"type": "LogFloats", "path": ["train loss"], "values": [{"value": 5.666674613952637, "step": null, "ts": 1652649724.6020906}]}, "version": 53}
{"obj": {"type": "LogStrings", "path": ["monitoring", "stdout"], "values": [{"value": "torch.Size([8, 308])", "step": null, "ts": 1652649725.6269734}]}, "version": 54}
{"obj": {"type": "LogStrings", "path": ["monitoring", "stdout"], "values": [{"value": "\n", "step": null, "ts": 1652649725.6284719}]}, "version": 55}
{"obj": {"type": "LogFloats", "path": ["train loss"], "values": [{"value": 5.670735836029053, "step": null, "ts": 1652649725.6301603}]}, "version": 56}
{"obj": {"type": "LogStrings", "path": ["monitoring", "stdout"], "values": [{"value": "torch.Size([8, 308])", "step": null, "ts": 1652649726.6874893}]}, "version": 57}
{"obj": {"type": "LogStrings", "path": ["monitoring", "stdout"], "values": [{"value": "\n", "step": null, "ts": 1652649726.6893792}]}, "version": 58}
{"obj": {"type": "LogFloats", "path": ["train loss"], "values": [{"value": 5.706191539764404, "step": null, "ts": 1652649726.6914508}]}, "version": 59}
{"obj": {"type": "LogStrings", "path": ["monitoring", "stdout"], "values": [{"value": "torch.Size([8, 308])", "step": null, "ts": 1652649727.7799172}]}, "version": 60}
{"obj": {"type": "LogStrings", "path": ["monitoring", "stdout"], "values": [{"value": "\n", "step": null, "ts": 1652649727.7818022}]}, "version": 61}
{"obj": {"type": "LogFloats", "path": ["train loss"], "values": [{"value": 5.68687105178833, "step": null, "ts": 1652649727.783294}]}, "version": 62}
{"obj": {"type": "LogStrings", "path": ["monitoring", "stdout"], "values": [{"value": "torch.Size([8, 308])", "step": null, "ts": 1652649728.8895357}]}, "version": 63}
{"obj": {"type": "LogStrings", "path": ["monitoring", "stdout"], "values": [{"value": "\n", "step": null, "ts": 1652649728.8911788}]}, "version": 64}
{"obj": {"type": "LogFloats", "path": ["train loss"], "values": [{"value": 5.49460506439209, "step": null, "ts": 1652649728.8925726}]}, "version": 65}
{"obj": {"type": "LogStrings", "path": ["monitoring", "traceback"], "values": [{"value": "An uncaught exception occurred while run was active on worker e5-cse-314-01.", "step": null, "ts": 1652649729.0793986}, {"value": "Marking run as failed", "step": null, "ts": 1652649729.0793986}, {"value": "Traceback:", "step": null, "ts": 1652649729.0793986}, {"value": "  File \"train.py\", line 69, in <module>\n    for data in train_dataloader:\n", "step": null, "ts": 1652649729.0793986}, {"value": "  File \"/home/grads/sxw5765/anaconda3/envs/vac/lib/python3.8/site-packages/torch/utils/data/dataloader.py\", line 530, in __next__\n    data = self._next_data()\n", "step": null, "ts": 1652649729.0793986}, {"value": "  File \"/home/grads/sxw5765/anaconda3/envs/vac/lib/python3.8/site-packages/torch/utils/data/dataloader.py\", line 570, in _next_data\n    data = self._dataset_fetcher.fetch(index)  # may raise StopIteration\n", "step": null, "ts": 1652649729.0793986}, {"value": "  File \"/home/grads/sxw5765/anaconda3/envs/vac/lib/python3.8/site-packages/torch/utils/data/_utils/fetch.py\", line 49, in fetch\n    data = [self.dataset[idx] for idx in possibly_batched_index]\n", "step": null, "ts": 1652649729.0793986}, {"value": "  File \"/home/grads/sxw5765/anaconda3/envs/vac/lib/python3.8/site-packages/torch/utils/data/_utils/fetch.py\", line 49, in <listcomp>\n    data = [self.dataset[idx] for idx in possibly_batched_index]\n", "step": null, "ts": 1652649729.0793986}, {"value": "  File \"/home/iot/sxw5765/vac_gsl/iso_cnn/dataset.py\", line 54, in __getitem__\n    input_data = self.read_video(idx)\n", "step": null, "ts": 1652649729.0793986}, {"value": "  File \"/home/iot/sxw5765/vac_gsl/iso_cnn/dataset.py\", line 82, in read_video\n    imgs = [cv2.resize(cv2.cvtColor(cv2.imread(img_path), cv2.COLOR_BGR2RGB)[:,100:550], (256,256), interpolation=cv2.INTER_LANCZOS4) for img_path in img_list]\n", "step": null, "ts": 1652649729.0793986}]}, "version": 66}
{"obj": {"type": "LogStrings", "path": ["monitoring", "traceback"], "values": [{"value": "  File \"/home/iot/sxw5765/vac_gsl/iso_cnn/dataset.py\", line 82, in <listcomp>\n    imgs = [cv2.resize(cv2.cvtColor(cv2.imread(img_path), cv2.COLOR_BGR2RGB)[:,100:550], (256,256), interpolation=cv2.INTER_LANCZOS4) for img_path in img_list]\n", "step": null, "ts": 1652649729.0793986}, {"value": "", "step": null, "ts": 1652649729.0793986}]}, "version": 67}
{"obj": {"type": "AssignBool", "path": ["sys", "failed"], "value": true}, "version": 68}
{"obj": {"type": "LogStrings", "path": ["monitoring", "stderr"], "values": [{"value": "Traceback (most recent call last):\n", "step": null, "ts": 1652649729.083305}]}, "version": 69}
{"obj": {"type": "LogStrings", "path": ["monitoring", "stderr"], "values": [{"value": "  File \"train.py\", line 69, in <module>\n", "step": null, "ts": 1652649729.084507}]}, "version": 70}
{"obj": {"type": "LogStrings", "path": ["monitoring", "stderr"], "values": [{"value": "    ", "step": null, "ts": 1652649729.08708}]}, "version": 71}
{"obj": {"type": "LogStrings", "path": ["monitoring", "stderr"], "values": [{"value": "for data in train_dataloader:", "step": null, "ts": 1652649729.088297}]}, "version": 72}
{"obj": {"type": "LogStrings", "path": ["monitoring", "stderr"], "values": [{"value": "\n", "step": null, "ts": 1652649729.0896606}]}, "version": 73}
{"obj": {"type": "LogStrings", "path": ["monitoring", "stderr"], "values": [{"value": "  File \"/home/grads/sxw5765/anaconda3/envs/vac/lib/python3.8/site-packages/torch/utils/data/dataloader.py\", line 530, in __next__\n", "step": null, "ts": 1652649729.0917842}]}, "version": 74}
{"obj": {"type": "LogStrings", "path": ["monitoring", "stderr"], "values": [{"value": "    ", "step": null, "ts": 1652649729.0930946}]}, "version": 75}
{"obj": {"type": "LogStrings", "path": ["monitoring", "stderr"], "values": [{"value": "data = self._next_data()", "step": null, "ts": 1652649729.0944452}]}, "version": 76}
{"obj": {"type": "LogStrings", "path": ["monitoring", "stderr"], "values": [{"value": "\n", "step": null, "ts": 1652649729.0955758}]}, "version": 77}
{"obj": {"type": "LogStrings", "path": ["monitoring", "stderr"], "values": [{"value": "  File \"/home/grads/sxw5765/anaconda3/envs/vac/lib/python3.8/site-packages/torch/utils/data/dataloader.py\", line 570, in _next_data\n", "step": null, "ts": 1652649729.0966566}]}, "version": 78}
{"obj": {"type": "LogStrings", "path": ["monitoring", "stderr"], "values": [{"value": "    ", "step": null, "ts": 1652649729.097874}]}, "version": 79}
{"obj": {"type": "LogStrings", "path": ["monitoring", "stderr"], "values": [{"value": "data = self._dataset_fetcher.fetch(index)  # may raise StopIteration", "step": null, "ts": 1652649729.0989869}]}, "version": 80}
{"obj": {"type": "LogStrings", "path": ["monitoring", "stderr"], "values": [{"value": "\n", "step": null, "ts": 1652649729.100133}]}, "version": 81}
{"obj": {"type": "LogStrings", "path": ["monitoring", "stderr"], "values": [{"value": "  File \"/home/grads/sxw5765/anaconda3/envs/vac/lib/python3.8/site-packages/torch/utils/data/_utils/fetch.py\", line 49, in fetch\n", "step": null, "ts": 1652649729.1013095}]}, "version": 82}
{"obj": {"type": "LogStrings", "path": ["monitoring", "stderr"], "values": [{"value": "    ", "step": null, "ts": 1652649729.1024268}]}, "version": 83}
{"obj": {"type": "LogStrings", "path": ["monitoring", "stderr"], "values": [{"value": "data = [self.dataset[idx] for idx in possibly_batched_index]", "step": null, "ts": 1652649729.1037734}]}, "version": 84}
{"obj": {"type": "LogStrings", "path": ["monitoring", "stderr"], "values": [{"value": "\n", "step": null, "ts": 1652649729.1048102}]}, "version": 85}
{"obj": {"type": "LogStrings", "path": ["monitoring", "stderr"], "values": [{"value": "  File \"/home/grads/sxw5765/anaconda3/envs/vac/lib/python3.8/site-packages/torch/utils/data/_utils/fetch.py\", line 49, in <listcomp>\n", "step": null, "ts": 1652649729.1060112}]}, "version": 86}
{"obj": {"type": "LogStrings", "path": ["monitoring", "stderr"], "values": [{"value": "    ", "step": null, "ts": 1652649729.1074808}]}, "version": 87}
{"obj": {"type": "LogStrings", "path": ["monitoring", "stderr"], "values": [{"value": "data = [self.dataset[idx] for idx in possibly_batched_index]", "step": null, "ts": 1652649729.1087275}]}, "version": 88}
{"obj": {"type": "LogStrings", "path": ["monitoring", "stderr"], "values": [{"value": "\n", "step": null, "ts": 1652649729.1100378}]}, "version": 89}
{"obj": {"type": "LogStrings", "path": ["monitoring", "stderr"], "values": [{"value": "  File \"/home/iot/sxw5765/vac_gsl/iso_cnn/dataset.py\", line 54, in __getitem__\n", "step": null, "ts": 1652649729.111404}]}, "version": 90}
{"obj": {"type": "LogStrings", "path": ["monitoring", "stderr"], "values": [{"value": "    ", "step": null, "ts": 1652649729.1129642}]}, "version": 91}
{"obj": {"type": "LogStrings", "path": ["monitoring", "stderr"], "values": [{"value": "input_data = self.read_video(idx)", "step": null, "ts": 1652649729.114046}]}, "version": 92}
{"obj": {"type": "LogStrings", "path": ["monitoring", "stderr"], "values": [{"value": "\n", "step": null, "ts": 1652649729.1152022}]}, "version": 93}
{"obj": {"type": "LogStrings", "path": ["monitoring", "stderr"], "values": [{"value": "  File \"/home/iot/sxw5765/vac_gsl/iso_cnn/dataset.py\", line 82, in read_video\n", "step": null, "ts": 1652649729.116247}]}, "version": 94}
{"obj": {"type": "LogStrings", "path": ["monitoring", "stderr"], "values": [{"value": "    ", "step": null, "ts": 1652649729.1176178}]}, "version": 95}
{"obj": {"type": "LogStrings", "path": ["monitoring", "stderr"], "values": [{"value": "imgs = [cv2.resize(cv2.cvtColor(cv2.imread(img_path), cv2.COLOR_BGR2RGB)[:,100:550], (256,256), interpolation=cv2.INTER_LANCZOS4) for img_path in img_list]", "step": null, "ts": 1652649729.1187372}]}, "version": 96}
{"obj": {"type": "LogStrings", "path": ["monitoring", "stderr"], "values": [{"value": "\n", "step": null, "ts": 1652649729.119937}]}, "version": 97}
{"obj": {"type": "LogStrings", "path": ["monitoring", "stderr"], "values": [{"value": "  File \"/home/iot/sxw5765/vac_gsl/iso_cnn/dataset.py\", line 82, in <listcomp>\n", "step": null, "ts": 1652649729.1211534}]}, "version": 98}
{"obj": {"type": "LogFloats", "path": ["monitoring", "cpu"], "values": [{"value": 39.7, "step": null, "ts": 1652649729.1202302}]}, "version": 99}
{"obj": {"type": "LogFloats", "path": ["monitoring", "memory"], "values": [{"value": 6.377193450927734, "step": null, "ts": 1652649729.1202302}]}, "version": 100}
{"obj": {"type": "LogFloats", "path": ["monitoring", "gpu"], "values": [{"value": 100.0, "step": null, "ts": 1652649729.1202302}]}, "version": 101}
{"obj": {"type": "LogFloats", "path": ["monitoring", "gpu_memory"], "values": [{"value": 16.5673828125, "step": null, "ts": 1652649729.1202302}]}, "version": 102}
{"obj": {"type": "LogStrings", "path": ["monitoring", "stderr"], "values": [{"value": "    ", "step": null, "ts": 1652649729.1274033}]}, "version": 103}
{"obj": {"type": "LogStrings", "path": ["monitoring", "stderr"], "values": [{"value": "imgs = [cv2.resize(cv2.cvtColor(cv2.imread(img_path), cv2.COLOR_BGR2RGB)[:,100:550], (256,256), interpolation=cv2.INTER_LANCZOS4) for img_path in img_list]", "step": null, "ts": 1652649729.1284978}]}, "version": 104}
{"obj": {"type": "LogStrings", "path": ["monitoring", "stderr"], "values": [{"value": "\n", "step": null, "ts": 1652649729.130094}]}, "version": 105}
{"obj": {"type": "LogStrings", "path": ["monitoring", "stderr"], "values": [{"value": "KeyboardInterrupt", "step": null, "ts": 1652649729.1314294}]}, "version": 106}
{"obj": {"type": "LogStrings", "path": ["monitoring", "stderr"], "values": [{"value": "", "step": null, "ts": 1652649729.1324918}]}, "version": 107}
{"obj": {"type": "LogStrings", "path": ["monitoring", "stderr"], "values": [{"value": "\n", "step": null, "ts": 1652649729.1336403}]}, "version": 108}
{"obj": {"type": "LogStrings", "path": ["monitoring", "stdout"], "values": [{"value": "", "step": null, "ts": 1652649729.1350923}]}, "version": 109}
{"obj": {"type": "LogStrings", "path": ["monitoring", "stdout"], "values": [{"value": "Shutting down background jobs, please wait a moment...\n", "step": null, "ts": 1652649729.1361666}]}, "version": 110}
