{"obj": {"type": "AssignString", "path": ["sys", "name"], "value": "Untitled"}, "version": 1}
{"obj": {"type": "AssignString", "path": ["sys", "description"], "value": ""}, "version": 2}
{"obj": {"type": "AssignString", "path": ["sys", "hostname"], "value": "e5-cse-314-01"}, "version": 3}
{"obj": {"type": "AssignBool", "path": ["sys", "failed"], "value": false}, "version": 4}
{"obj": {"type": "ClearStringLog", "path": ["monitoring", "stdout"]}, "version": 5}
{"obj": {"type": "ClearStringLog", "path": ["monitoring", "stderr"]}, "version": 6}
{"obj": {"type": "AssignString", "path": ["source_code", "entrypoint"], "value": "train.py"}, "version": 7}
{"obj": {"type": "UploadFileSet", "path": ["source_code", "files"], "file_globs": ["/home/iot/sxw5765/vac_gsl/iso_cnn/train.py"], "reset": "False"}, "version": 8}
{"obj": {"type": "ConfigFloatSeries", "path": ["monitoring", "cpu"], "min": 0.0, "max": 100.0, "unit": "%"}, "version": 9}
{"obj": {"type": "ClearFloatLog", "path": ["monitoring", "cpu"]}, "version": 10}
{"obj": {"type": "ConfigFloatSeries", "path": ["monitoring", "memory"], "min": 0.0, "max": 15.595283508300781, "unit": "GB"}, "version": 11}
{"obj": {"type": "ClearFloatLog", "path": ["monitoring", "memory"]}, "version": 12}
{"obj": {"type": "ConfigFloatSeries", "path": ["monitoring", "gpu"], "min": 0.0, "max": 100.0, "unit": "%"}, "version": 13}
{"obj": {"type": "ClearFloatLog", "path": ["monitoring", "gpu"]}, "version": 14}
{"obj": {"type": "ConfigFloatSeries", "path": ["monitoring", "gpu_memory"], "min": 0.0, "max": 47.45440673828125, "unit": "GB"}, "version": 15}
{"obj": {"type": "ClearFloatLog", "path": ["monitoring", "gpu_memory"]}, "version": 16}
{"obj": {"type": "LogFloats", "path": ["monitoring", "cpu"], "values": [{"value": 10.6, "step": null, "ts": 1652649546.6605496}]}, "version": 17}
{"obj": {"type": "LogFloats", "path": ["monitoring", "memory"], "values": [{"value": 3.343250274658203, "step": null, "ts": 1652649546.6605496}]}, "version": 18}
{"obj": {"type": "LogFloats", "path": ["monitoring", "gpu_memory"], "values": [{"value": 0.36444091796875, "step": null, "ts": 1652649546.6605496}]}, "version": 19}
{"obj": {"type": "LogStrings", "path": ["monitoring", "stdout"], "values": [{"value": "train", "step": null, "ts": 1652649546.7360282}]}, "version": 20}
{"obj": {"type": "LogStrings", "path": ["monitoring", "stdout"], "values": [{"value": " ", "step": null, "ts": 1652649546.7386336}]}, "version": 21}
{"obj": {"type": "LogStrings", "path": ["monitoring", "stdout"], "values": [{"value": "34994", "step": null, "ts": 1652649546.7397945}]}, "version": 22}
{"obj": {"type": "LogStrings", "path": ["monitoring", "stdout"], "values": [{"value": "\n", "step": null, "ts": 1652649546.7413406}]}, "version": 23}
{"obj": {"type": "LogStrings", "path": ["monitoring", "stdout"], "values": [{"value": "Apply training transform.", "step": null, "ts": 1652649546.7426794}]}, "version": 24}
{"obj": {"type": "LogStrings", "path": ["monitoring", "stdout"], "values": [{"value": "\n", "step": null, "ts": 1652649546.744066}]}, "version": 25}
{"obj": {"type": "LogStrings", "path": ["monitoring", "stdout"], "values": [{"value": "", "step": null, "ts": 1652649546.7464042}]}, "version": 26}
{"obj": {"type": "LogStrings", "path": ["monitoring", "stdout"], "values": [{"value": "\n", "step": null, "ts": 1652649546.7478826}]}, "version": 27}
{"obj": {"type": "LogStrings", "path": ["monitoring", "stdout"], "values": [{"value": "train", "step": null, "ts": 1652649546.7559063}]}, "version": 28}
{"obj": {"type": "LogStrings", "path": ["monitoring", "stdout"], "values": [{"value": " ", "step": null, "ts": 1652649546.7572012}]}, "version": 29}
{"obj": {"type": "LogStrings", "path": ["monitoring", "stdout"], "values": [{"value": "3499", "step": null, "ts": 1652649546.7584183}]}, "version": 30}
{"obj": {"type": "LogStrings", "path": ["monitoring", "stdout"], "values": [{"value": "\n", "step": null, "ts": 1652649546.7601445}]}, "version": 31}
{"obj": {"type": "LogStrings", "path": ["monitoring", "stdout"], "values": [{"value": "Apply training transform.", "step": null, "ts": 1652649546.761265}]}, "version": 32}
{"obj": {"type": "LogStrings", "path": ["monitoring", "stdout"], "values": [{"value": "\n", "step": null, "ts": 1652649546.7626739}]}, "version": 33}
{"obj": {"type": "LogStrings", "path": ["monitoring", "stdout"], "values": [{"value": "", "step": null, "ts": 1652649546.7640026}]}, "version": 34}
{"obj": {"type": "LogStrings", "path": ["monitoring", "stdout"], "values": [{"value": "\n", "step": null, "ts": 1652649546.7651484}]}, "version": 35}
{"obj": {"type": "LogStrings", "path": ["monitoring", "stdout"], "values": [{"value": "number of test data: ", "step": null, "ts": 1652649546.7665467}]}, "version": 36}
{"obj": {"type": "LogStrings", "path": ["monitoring", "stdout"], "values": [{"value": " ", "step": null, "ts": 1652649546.7679431}]}, "version": 37}
{"obj": {"type": "LogStrings", "path": ["monitoring", "stdout"], "values": [{"value": "3499", "step": null, "ts": 1652649546.7692993}]}, "version": 38}
{"obj": {"type": "LogStrings", "path": ["monitoring", "stdout"], "values": [{"value": "\n", "step": null, "ts": 1652649546.7703466}]}, "version": 39}
{"obj": {"type": "LogStrings", "path": ["monitoring", "stdout"], "values": [{"value": "number of train data: ", "step": null, "ts": 1652649546.7714987}]}, "version": 40}
{"obj": {"type": "LogStrings", "path": ["monitoring", "stdout"], "values": [{"value": " ", "step": null, "ts": 1652649546.772623}]}, "version": 41}
{"obj": {"type": "LogStrings", "path": ["monitoring", "stdout"], "values": [{"value": "34994", "step": null, "ts": 1652649546.7736652}]}, "version": 42}
{"obj": {"type": "LogStrings", "path": ["monitoring", "stdout"], "values": [{"value": "\n", "step": null, "ts": 1652649546.7749395}]}, "version": 43}
{"obj": {"type": "LogStrings", "path": ["monitoring", "stderr"], "values": [{"value": "/home/iot/sxw5765/vac_gsl/iso_cnn/../modules/tconv.py:44: UserWarning: floor_divide is deprecated, and will be removed in a future version of pytorch. It currently rounds toward 0 (like the 'trunc' function NOT 'floor'). This results in incorrect rounding for negative values.\nTo keep the current behavior, use torch.div(a, b, rounding_mode='trunc'), or for actual floor division, use torch.div(a, b, rounding_mode='floor'). (Triggered internally at  /opt/conda/conda-bld/pytorch_1646755903507/work/aten/src/ATen/native/BinaryOps.cpp:590.)\n  feat_len //= 2\n", "step": null, "ts": 1652649549.8797286}]}, "version": 44}
{"obj": {"type": "LogStrings", "path": ["monitoring", "stdout"], "values": [{"value": "tensor([113, 110, 111,  56,  10,  23,  97,  16], device='cuda:0')", "step": null, "ts": 1652649549.8832939}]}, "version": 45}
{"obj": {"type": "LogStrings", "path": ["monitoring", "stdout"], "values": [{"value": " ", "step": null, "ts": 1652649549.8846326}]}, "version": 46}
{"obj": {"type": "LogStrings", "path": ["monitoring", "stdout"], "values": [{"value": "tensor([ 20,  81, 200,  81, 283, 256,  52, 295], device='cuda:0')", "step": null, "ts": 1652649549.8868713}]}, "version": 47}
{"obj": {"type": "LogStrings", "path": ["monitoring", "stdout"], "values": [{"value": "\n", "step": null, "ts": 1652649549.888097}]}, "version": 48}
{"obj": {"type": "LogFloats", "path": ["train loss"], "values": [{"value": 5.869399547576904, "step": null, "ts": 1652649549.8893623}]}, "version": 49}
{"obj": {"type": "LogStrings", "path": ["monitoring", "stdout"], "values": [{"value": "tensor([ 83,   1, 134,  34,  58, 125,  10, 204], device='cuda:0')", "step": null, "ts": 1652649550.814388}]}, "version": 50}
{"obj": {"type": "LogStrings", "path": ["monitoring", "stdout"], "values": [{"value": " ", "step": null, "ts": 1652649550.8159692}]}, "version": 51}
{"obj": {"type": "LogStrings", "path": ["monitoring", "stdout"], "values": [{"value": "tensor([185, 130,  81, 140,  81, 252, 116,  16], device='cuda:0')", "step": null, "ts": 1652649550.8173478}]}, "version": 52}
{"obj": {"type": "LogStrings", "path": ["monitoring", "stdout"], "values": [{"value": "\n", "step": null, "ts": 1652649550.8205063}]}, "version": 53}
{"obj": {"type": "LogFloats", "path": ["train loss"], "values": [{"value": 5.985890865325928, "step": null, "ts": 1652649550.8292785}]}, "version": 54}
{"obj": {"type": "LogStrings", "path": ["monitoring", "stdout"], "values": [{"value": "tensor([218,  41,  20,  18,  98,   1,  96,  15], device='cuda:0')", "step": null, "ts": 1652649551.9089904}]}, "version": 55}
{"obj": {"type": "LogStrings", "path": ["monitoring", "stdout"], "values": [{"value": " ", "step": null, "ts": 1652649551.9114146}]}, "version": 56}
{"obj": {"type": "LogStrings", "path": ["monitoring", "stdout"], "values": [{"value": "tensor([ 16,  81,   7, 185,  77, 211,  20,  99], device='cuda:0')", "step": null, "ts": 1652649551.9127722}]}, "version": 57}
{"obj": {"type": "LogStrings", "path": ["monitoring", "stdout"], "values": [{"value": "\n", "step": null, "ts": 1652649551.914146}]}, "version": 58}
{"obj": {"type": "LogFloats", "path": ["train loss"], "values": [{"value": 5.661766529083252, "step": null, "ts": 1652649551.9159234}]}, "version": 59}
{"obj": {"type": "LogStrings", "path": ["monitoring", "stdout"], "values": [{"value": "tensor([ 39, 131, 115,  20,  19, 163,   8, 202], device='cuda:0')", "step": null, "ts": 1652649553.028705}]}, "version": 60}
{"obj": {"type": "LogStrings", "path": ["monitoring", "stdout"], "values": [{"value": " ", "step": null, "ts": 1652649553.0304513}]}, "version": 61}
{"obj": {"type": "LogStrings", "path": ["monitoring", "stdout"], "values": [{"value": "tensor([190,  16, 116, 130, 140,  10, 178, 226], device='cuda:0')", "step": null, "ts": 1652649553.03245}]}, "version": 62}
{"obj": {"type": "LogStrings", "path": ["monitoring", "stdout"], "values": [{"value": "\n", "step": null, "ts": 1652649553.0338662}]}, "version": 63}
{"obj": {"type": "LogFloats", "path": ["train loss"], "values": [{"value": 5.707852363586426, "step": null, "ts": 1652649553.0352159}]}, "version": 64}
{"obj": {"type": "LogStrings", "path": ["monitoring", "stdout"], "values": [{"value": "tensor([299,   2, 132,  20, 137,  36, 247,  39], device='cuda:0')", "step": null, "ts": 1652649554.1586776}]}, "version": 65}
{"obj": {"type": "LogStrings", "path": ["monitoring", "stdout"], "values": [{"value": " ", "step": null, "ts": 1652649554.1623476}]}, "version": 66}
{"obj": {"type": "LogStrings", "path": ["monitoring", "stdout"], "values": [{"value": "tensor([200, 130,  10, 283,  81, 152,  81,  95], device='cuda:0')", "step": null, "ts": 1652649554.1637573}]}, "version": 67}
{"obj": {"type": "LogStrings", "path": ["monitoring", "stdout"], "values": [{"value": "\n", "step": null, "ts": 1652649554.1649914}]}, "version": 68}
{"obj": {"type": "LogFloats", "path": ["train loss"], "values": [{"value": 5.673572063446045, "step": null, "ts": 1652649554.1662817}]}, "version": 69}
{"obj": {"type": "LogStrings", "path": ["monitoring", "stdout"], "values": [{"value": "tensor([  1, 301,  98, 165, 107, 201, 125,  41], device='cuda:0')", "step": null, "ts": 1652649555.316325}]}, "version": 70}
{"obj": {"type": "LogStrings", "path": ["monitoring", "stdout"], "values": [{"value": " ", "step": null, "ts": 1652649555.3179398}]}, "version": 71}
{"obj": {"type": "LogStrings", "path": ["monitoring", "stdout"], "values": [{"value": "tensor([273,  81,  81, 200, 200,  10, 116, 113], device='cuda:0')", "step": null, "ts": 1652649555.3192823}]}, "version": 72}
{"obj": {"type": "LogStrings", "path": ["monitoring", "stdout"], "values": [{"value": "\n", "step": null, "ts": 1652649555.321829}]}, "version": 73}
{"obj": {"type": "LogFloats", "path": ["train loss"], "values": [{"value": 5.8535847663879395, "step": null, "ts": 1652649555.3230946}]}, "version": 74}
{"obj": {"type": "LogStrings", "path": ["monitoring", "stdout"], "values": [{"value": "tensor([  1,  95, 241,   2, 115, 214, 184,  23], device='cuda:0')", "step": null, "ts": 1652649556.452313}]}, "version": 75}
{"obj": {"type": "LogStrings", "path": ["monitoring", "stdout"], "values": [{"value": " ", "step": null, "ts": 1652649556.4542518}]}, "version": 76}
{"obj": {"type": "LogStrings", "path": ["monitoring", "stdout"], "values": [{"value": "tensor([140,  96,  52, 183,  81,  81,  16,  20], device='cuda:0')", "step": null, "ts": 1652649556.4559875}]}, "version": 77}
{"obj": {"type": "LogStrings", "path": ["monitoring", "stdout"], "values": [{"value": "\n", "step": null, "ts": 1652649556.4572406}]}, "version": 78}
{"obj": {"type": "LogFloats", "path": ["train loss"], "values": [{"value": 5.547422885894775, "step": null, "ts": 1652649556.4592957}]}, "version": 79}
{"obj": {"type": "LogFloats", "path": ["monitoring", "cpu"], "values": [{"value": 38.7, "step": null, "ts": 1652649556.6680498}]}, "version": 80}
{"obj": {"type": "LogFloats", "path": ["monitoring", "memory"], "values": [{"value": 6.465740203857422, "step": null, "ts": 1652649556.6680498}]}, "version": 81}
{"obj": {"type": "LogFloats", "path": ["monitoring", "gpu"], "values": [{"value": 100.0, "step": null, "ts": 1652649556.6680498}]}, "version": 82}
{"obj": {"type": "LogFloats", "path": ["monitoring", "gpu_memory"], "values": [{"value": 16.6142578125, "step": null, "ts": 1652649556.6680498}]}, "version": 83}
{"obj": {"type": "LogStrings", "path": ["monitoring", "stdout"], "values": [{"value": "tensor([134, 203, 133,  31, 199, 254, 271, 132], device='cuda:0')", "step": null, "ts": 1652649557.4688413}]}, "version": 84}
{"obj": {"type": "LogStrings", "path": ["monitoring", "stdout"], "values": [{"value": " ", "step": null, "ts": 1652649557.471051}]}, "version": 85}
{"obj": {"type": "LogStrings", "path": ["monitoring", "stdout"], "values": [{"value": "tensor([ 10,   1, 116,  58,  81, 202, 200,  10], device='cuda:0')", "step": null, "ts": 1652649557.4725957}]}, "version": 86}
{"obj": {"type": "LogStrings", "path": ["monitoring", "stdout"], "values": [{"value": "\n", "step": null, "ts": 1652649557.473827}]}, "version": 87}
{"obj": {"type": "LogFloats", "path": ["train loss"], "values": [{"value": 5.702877998352051, "step": null, "ts": 1652649557.4751406}]}, "version": 88}
{"obj": {"type": "LogStrings", "path": ["monitoring", "stdout"], "values": [{"value": "tensor([  1,  20,  20, 293, 131,  77,  21,  42], device='cuda:0')", "step": null, "ts": 1652649558.3354747}]}, "version": 89}
{"obj": {"type": "LogStrings", "path": ["monitoring", "stdout"], "values": [{"value": " ", "step": null, "ts": 1652649558.3370752}]}, "version": 90}
{"obj": {"type": "LogStrings", "path": ["monitoring", "stdout"], "values": [{"value": "tensor([ 41, 113,  20,   1,  16, 110,  96,   8], device='cuda:0')", "step": null, "ts": 1652649558.3387072}]}, "version": 91}
{"obj": {"type": "LogStrings", "path": ["monitoring", "stdout"], "values": [{"value": "\n", "step": null, "ts": 1652649558.3401935}]}, "version": 92}
{"obj": {"type": "LogFloats", "path": ["train loss"], "values": [{"value": 5.0942158699035645, "step": null, "ts": 1652649558.341507}]}, "version": 93}
{"obj": {"type": "LogStrings", "path": ["monitoring", "stdout"], "values": [{"value": "tensor([138, 161,  24,   1,  20,  10, 140,   2], device='cuda:0')", "step": null, "ts": 1652649559.2756295}]}, "version": 94}
{"obj": {"type": "LogStrings", "path": ["monitoring", "stdout"], "values": [{"value": " ", "step": null, "ts": 1652649559.2778292}]}, "version": 95}
{"obj": {"type": "LogStrings", "path": ["monitoring", "stdout"], "values": [{"value": "tensor([ 16,  10, 116,   7, 165,  81,  81,  16], device='cuda:0')", "step": null, "ts": 1652649559.2797976}]}, "version": 96}
{"obj": {"type": "LogStrings", "path": ["monitoring", "stdout"], "values": [{"value": "\n", "step": null, "ts": 1652649559.2811737}]}, "version": 97}
{"obj": {"type": "LogFloats", "path": ["train loss"], "values": [{"value": 5.359591484069824, "step": null, "ts": 1652649559.2836323}]}, "version": 98}
{"obj": {"type": "LogStrings", "path": ["monitoring", "stdout"], "values": [{"value": "tensor([ 93, 126, 293,  20, 233,  10,  14,  44], device='cuda:0')", "step": null, "ts": 1652649560.257543}]}, "version": 99}
{"obj": {"type": "LogStrings", "path": ["monitoring", "stdout"], "values": [{"value": " ", "step": null, "ts": 1652649560.2592585}]}, "version": 100}
{"obj": {"type": "LogStrings", "path": ["monitoring", "stdout"], "values": [{"value": "tensor([283,  10,  10, 111,   1,  20,  16,   1], device='cuda:0')", "step": null, "ts": 1652649560.260646}]}, "version": 101}
{"obj": {"type": "LogStrings", "path": ["monitoring", "stdout"], "values": [{"value": "\n", "step": null, "ts": 1652649560.2617629}]}, "version": 102}
{"obj": {"type": "LogFloats", "path": ["train loss"], "values": [{"value": 5.7572150230407715, "step": null, "ts": 1652649560.2629635}]}, "version": 103}
{"obj": {"type": "LogStrings", "path": ["monitoring", "stdout"], "values": [{"value": "tensor([ 39, 182, 204, 280, 108, 184,   4, 134], device='cuda:0')", "step": null, "ts": 1652649561.3621023}]}, "version": 104}
{"obj": {"type": "LogStrings", "path": ["monitoring", "stdout"], "values": [{"value": " ", "step": null, "ts": 1652649561.363911}]}, "version": 105}
{"obj": {"type": "LogStrings", "path": ["monitoring", "stdout"], "values": [{"value": "tensor([ 10, 165, 204,  81,  16,  81,  20,  16], device='cuda:0')", "step": null, "ts": 1652649561.36536}]}, "version": 106}
{"obj": {"type": "LogStrings", "path": ["monitoring", "stdout"], "values": [{"value": "\n", "step": null, "ts": 1652649561.3665156}]}, "version": 107}
{"obj": {"type": "LogFloats", "path": ["train loss"], "values": [{"value": 5.674330711364746, "step": null, "ts": 1652649561.367802}]}, "version": 108}
{"obj": {"type": "LogStrings", "path": ["monitoring", "stdout"], "values": [{"value": "tensor([ 89,  98,  33,  93,  96, 202, 190,  95], device='cuda:0')", "step": null, "ts": 1652649562.2994373}]}, "version": 109}
{"obj": {"type": "LogStrings", "path": ["monitoring", "stdout"], "values": [{"value": " ", "step": null, "ts": 1652649562.3010652}]}, "version": 110}
{"obj": {"type": "LogStrings", "path": ["monitoring", "stdout"], "values": [{"value": "tensor([110,  98,  20,   1,  10,  81,  90,  96], device='cuda:0')", "step": null, "ts": 1652649562.3024237}]}, "version": 111}
{"obj": {"type": "LogStrings", "path": ["monitoring", "stdout"], "values": [{"value": "\n", "step": null, "ts": 1652649562.3039746}]}, "version": 112}
{"obj": {"type": "LogFloats", "path": ["train loss"], "values": [{"value": 5.124637603759766, "step": null, "ts": 1652649562.305608}]}, "version": 113}
{"obj": {"type": "LogStrings", "path": ["monitoring", "stdout"], "values": [{"value": "tensor([139,  10,  83,  83,   0, 116,  35,   2], device='cuda:0')", "step": null, "ts": 1652649563.2037704}]}, "version": 114}
{"obj": {"type": "LogStrings", "path": ["monitoring", "stdout"], "values": [{"value": " ", "step": null, "ts": 1652649563.2056057}]}, "version": 115}
{"obj": {"type": "LogStrings", "path": ["monitoring", "stdout"], "values": [{"value": "tensor([ 10,  41,  39,   1,   1,  16,   1, 165], device='cuda:0')", "step": null, "ts": 1652649563.2070186}]}, "version": 116}
{"obj": {"type": "LogStrings", "path": ["monitoring", "stdout"], "values": [{"value": "\n", "step": null, "ts": 1652649563.2082102}]}, "version": 117}
{"obj": {"type": "LogFloats", "path": ["train loss"], "values": [{"value": 5.767675399780273, "step": null, "ts": 1652649563.2094576}]}, "version": 118}
{"obj": {"type": "LogStrings", "path": ["monitoring", "stdout"], "values": [{"value": "tensor([202,   1, 256,  94, 265,  95,  20,  46], device='cuda:0')", "step": null, "ts": 1652649564.3258483}]}, "version": 119}
{"obj": {"type": "LogStrings", "path": ["monitoring", "stdout"], "values": [{"value": " ", "step": null, "ts": 1652649564.3276372}]}, "version": 120}
{"obj": {"type": "LogStrings", "path": ["monitoring", "stdout"], "values": [{"value": "tensor([ 39,  39,  20, 110,   1,  96,   1, 283], device='cuda:0')", "step": null, "ts": 1652649564.3293233}]}, "version": 121}
{"obj": {"type": "LogStrings", "path": ["monitoring", "stdout"], "values": [{"value": "\n", "step": null, "ts": 1652649564.3310452}]}, "version": 122}
{"obj": {"type": "LogFloats", "path": ["train loss"], "values": [{"value": 5.649470806121826, "step": null, "ts": 1652649564.3322823}]}, "version": 123}
{"obj": {"type": "LogStrings", "path": ["monitoring", "stdout"], "values": [{"value": "tensor([114,  20, 238,  41,   1, 125,  65, 261], device='cuda:0')", "step": null, "ts": 1652649565.3156202}]}, "version": 124}
{"obj": {"type": "LogStrings", "path": ["monitoring", "stdout"], "values": [{"value": " ", "step": null, "ts": 1652649565.3174329}]}, "version": 125}
{"obj": {"type": "LogStrings", "path": ["monitoring", "stdout"], "values": [{"value": "tensor([10,  1, 16, 20, 20,  1, 20, 96], device='cuda:0')", "step": null, "ts": 1652649565.3188193}]}, "version": 126}
{"obj": {"type": "LogStrings", "path": ["monitoring", "stdout"], "values": [{"value": "\n", "step": null, "ts": 1652649565.3202085}]}, "version": 127}
{"obj": {"type": "LogFloats", "path": ["train loss"], "values": [{"value": 6.03996467590332, "step": null, "ts": 1652649565.3217201}]}, "version": 128}
{"obj": {"type": "LogStrings", "path": ["monitoring", "stdout"], "values": [{"value": "tensor([ 41,   1, 201, 201,  20, 230,  42,  18], device='cuda:0')", "step": null, "ts": 1652649566.305715}]}, "version": 129}
{"obj": {"type": "LogStrings", "path": ["monitoring", "stdout"], "values": [{"value": " ", "step": null, "ts": 1652649566.3075185}]}, "version": 130}
{"obj": {"type": "LogStrings", "path": ["monitoring", "stdout"], "values": [{"value": "tensor([184,   1,  10,  96,   1, 113,  16, 110], device='cuda:0')", "step": null, "ts": 1652649566.309087}]}, "version": 131}
{"obj": {"type": "LogStrings", "path": ["monitoring", "stdout"], "values": [{"value": "\n", "step": null, "ts": 1652649566.3103735}]}, "version": 132}
{"obj": {"type": "LogFloats", "path": ["train loss"], "values": [{"value": 5.371074676513672, "step": null, "ts": 1652649566.3117163}]}, "version": 133}
{"obj": {"type": "LogFloats", "path": ["monitoring", "cpu"], "values": [{"value": 44.8, "step": null, "ts": 1652649566.6982982}]}, "version": 134}
{"obj": {"type": "LogFloats", "path": ["monitoring", "memory"], "values": [{"value": 6.440147399902344, "step": null, "ts": 1652649566.6982982}]}, "version": 135}
{"obj": {"type": "LogFloats", "path": ["monitoring", "gpu"], "values": [{"value": 100.0, "step": null, "ts": 1652649566.6982982}]}, "version": 136}
{"obj": {"type": "LogFloats", "path": ["monitoring", "gpu_memory"], "values": [{"value": 16.6142578125, "step": null, "ts": 1652649566.6982982}]}, "version": 137}
{"obj": {"type": "LogStrings", "path": ["monitoring", "stdout"], "values": [{"value": "tensor([ 82, 248, 191, 116, 140,  42, 228,  85], device='cuda:0')", "step": null, "ts": 1652649567.3390183}]}, "version": 138}
{"obj": {"type": "LogStrings", "path": ["monitoring", "stdout"], "values": [{"value": " ", "step": null, "ts": 1652649567.340898}]}, "version": 139}
{"obj": {"type": "LogStrings", "path": ["monitoring", "stdout"], "values": [{"value": "tensor([ 20,  58, 299,  10, 111,   1,  10,  96], device='cuda:0')", "step": null, "ts": 1652649567.3424923}]}, "version": 140}
{"obj": {"type": "LogStrings", "path": ["monitoring", "stdout"], "values": [{"value": "\n", "step": null, "ts": 1652649567.343955}]}, "version": 141}
{"obj": {"type": "LogFloats", "path": ["train loss"], "values": [{"value": 5.479685306549072, "step": null, "ts": 1652649567.3452456}]}, "version": 142}
{"obj": {"type": "LogStrings", "path": ["monitoring", "stdout"], "values": [{"value": "tensor([209,   1, 204,  23,  42,  49,  10, 162], device='cuda:0')", "step": null, "ts": 1652649568.5026689}]}, "version": 143}
{"obj": {"type": "LogStrings", "path": ["monitoring", "stdout"], "values": [{"value": " ", "step": null, "ts": 1652649568.5044014}]}, "version": 144}
{"obj": {"type": "LogStrings", "path": ["monitoring", "stdout"], "values": [{"value": "tensor([ 98,   1,  39,  77, 202,  20, 115,  96], device='cuda:0')", "step": null, "ts": 1652649568.505878}]}, "version": 145}
{"obj": {"type": "LogStrings", "path": ["monitoring", "stdout"], "values": [{"value": "\n", "step": null, "ts": 1652649568.5074143}]}, "version": 146}
{"obj": {"type": "LogFloats", "path": ["train loss"], "values": [{"value": 5.279723167419434, "step": null, "ts": 1652649568.508748}]}, "version": 147}
{"obj": {"type": "LogStrings", "path": ["monitoring", "stdout"], "values": [{"value": "tensor([243,  88,  23, 162, 107, 292, 101,  88], device='cuda:0')", "step": null, "ts": 1652649569.5576062}]}, "version": 148}
{"obj": {"type": "LogStrings", "path": ["monitoring", "stdout"], "values": [{"value": " ", "step": null, "ts": 1652649569.5592682}]}, "version": 149}
{"obj": {"type": "LogStrings", "path": ["monitoring", "stdout"], "values": [{"value": "tensor([202,   1,  20,   1, 116, 116, 140,  96], device='cuda:0')", "step": null, "ts": 1652649569.5606217}]}, "version": 150}
{"obj": {"type": "LogStrings", "path": ["monitoring", "stdout"], "values": [{"value": "\n", "step": null, "ts": 1652649569.561799}]}, "version": 151}
{"obj": {"type": "LogFloats", "path": ["train loss"], "values": [{"value": 5.79499626159668, "step": null, "ts": 1652649569.5630054}]}, "version": 152}
{"obj": {"type": "LogStrings", "path": ["monitoring", "stdout"], "values": [{"value": "tensor([ 91, 204,  38,  19, 170,   1, 289,  41], device='cuda:0')", "step": null, "ts": 1652649570.6952393}]}, "version": 153}
{"obj": {"type": "LogStrings", "path": ["monitoring", "stdout"], "values": [{"value": " ", "step": null, "ts": 1652649570.6971345}]}, "version": 154}
{"obj": {"type": "LogStrings", "path": ["monitoring", "stdout"], "values": [{"value": "tensor([111,  20, 110,   1,  20,  16,  39,   1], device='cuda:0')", "step": null, "ts": 1652649570.7011464}]}, "version": 155}
{"obj": {"type": "LogStrings", "path": ["monitoring", "stdout"], "values": [{"value": "\n", "step": null, "ts": 1652649570.7032106}]}, "version": 156}
{"obj": {"type": "LogFloats", "path": ["train loss"], "values": [{"value": 5.571797847747803, "step": null, "ts": 1652649570.7045002}]}, "version": 157}
{"obj": {"type": "LogStrings", "path": ["monitoring", "stdout"], "values": [{"value": "tensor([201,  31, 138,  10, 244,  20,  71,  19], device='cuda:0')", "step": null, "ts": 1652649571.723876}]}, "version": 158}
{"obj": {"type": "LogStrings", "path": ["monitoring", "stdout"], "values": [{"value": " ", "step": null, "ts": 1652649571.7256267}]}, "version": 159}
{"obj": {"type": "LogStrings", "path": ["monitoring", "stdout"], "values": [{"value": "tensor([  1,  23, 131, 110, 111,  20,  31,   1], device='cuda:0')", "step": null, "ts": 1652649571.7269816}]}, "version": 160}
{"obj": {"type": "LogStrings", "path": ["monitoring", "stdout"], "values": [{"value": "\n", "step": null, "ts": 1652649571.728169}]}, "version": 161}
{"obj": {"type": "LogFloats", "path": ["train loss"], "values": [{"value": 5.363840103149414, "step": null, "ts": 1652649571.7294438}]}, "version": 162}
{"obj": {"type": "LogStrings", "path": ["monitoring", "stdout"], "values": [{"value": "tensor([192,   1,  58,  88, 234,  10,  20,  90], device='cuda:0')", "step": null, "ts": 1652649573.097829}]}, "version": 163}
{"obj": {"type": "LogStrings", "path": ["monitoring", "stdout"], "values": [{"value": " ", "step": null, "ts": 1652649573.0995998}]}, "version": 164}
{"obj": {"type": "LogStrings", "path": ["monitoring", "stdout"], "values": [{"value": "tensor([ 98,  20,  20,  20,   1,  20, 202,   1], device='cuda:0')", "step": null, "ts": 1652649573.1012642}]}, "version": 165}
{"obj": {"type": "LogStrings", "path": ["monitoring", "stdout"], "values": [{"value": "\n", "step": null, "ts": 1652649573.1030893}]}, "version": 166}
{"obj": {"type": "LogFloats", "path": ["train loss"], "values": [{"value": 5.358817100524902, "step": null, "ts": 1652649573.104411}]}, "version": 167}
{"obj": {"type": "LogStrings", "path": ["monitoring", "stdout"], "values": [{"value": "tensor([146, 205,  20, 182,  47,  20,  31,  79], device='cuda:0')", "step": null, "ts": 1652649574.0846608}]}, "version": 168}
{"obj": {"type": "LogStrings", "path": ["monitoring", "stdout"], "values": [{"value": " ", "step": null, "ts": 1652649574.087338}]}, "version": 169}
{"obj": {"type": "LogStrings", "path": ["monitoring", "stdout"], "values": [{"value": "tensor([132,  20,   1,  20,   1,  20,  96, 131], device='cuda:0')", "step": null, "ts": 1652649574.088707}]}, "version": 170}
{"obj": {"type": "LogStrings", "path": ["monitoring", "stdout"], "values": [{"value": "\n", "step": null, "ts": 1652649574.090926}]}, "version": 171}
{"obj": {"type": "LogFloats", "path": ["train loss"], "values": [{"value": 5.47599983215332, "step": null, "ts": 1652649574.0924208}]}, "version": 172}
{"obj": {"type": "LogStrings", "path": ["monitoring", "stdout"], "values": [{"value": "tensor([ 83, 262, 202,   2,  36,  94,  20,  20], device='cuda:0')", "step": null, "ts": 1652649575.0600746}]}, "version": 173}
{"obj": {"type": "LogStrings", "path": ["monitoring", "stdout"], "values": [{"value": " ", "step": null, "ts": 1652649575.0621183}]}, "version": 174}
{"obj": {"type": "LogStrings", "path": ["monitoring", "stdout"], "values": [{"value": "tensor([ 96,  20,  16,   1,  39, 115,   1, 202], device='cuda:0')", "step": null, "ts": 1652649575.0636847}]}, "version": 175}
{"obj": {"type": "LogStrings", "path": ["monitoring", "stdout"], "values": [{"value": "\n", "step": null, "ts": 1652649575.0649056}]}, "version": 176}
{"obj": {"type": "LogFloats", "path": ["train loss"], "values": [{"value": 5.596669673919678, "step": null, "ts": 1652649575.0664458}]}, "version": 177}
{"obj": {"type": "LogStrings", "path": ["monitoring", "stdout"], "values": [{"value": "tensor([ 94,  39,  55, 149,  39,  20,  10,  42], device='cuda:0')", "step": null, "ts": 1652649575.8911097}]}, "version": 178}
{"obj": {"type": "LogStrings", "path": ["monitoring", "stdout"], "values": [{"value": " ", "step": null, "ts": 1652649575.8928208}]}, "version": 179}
{"obj": {"type": "LogStrings", "path": ["monitoring", "stdout"], "values": [{"value": "tensor([115, 116,  58,  20,   1,  20,  16,   1], device='cuda:0')", "step": null, "ts": 1652649575.8949473}]}, "version": 180}
{"obj": {"type": "LogStrings", "path": ["monitoring", "stdout"], "values": [{"value": "\n", "step": null, "ts": 1652649575.8964822}]}, "version": 181}
{"obj": {"type": "LogFloats", "path": ["train loss"], "values": [{"value": 5.43394660949707, "step": null, "ts": 1652649575.8984656}]}, "version": 182}
{"obj": {"type": "LogStrings", "path": ["monitoring", "stdout"], "values": [{"value": "tensor([301,  19,  46,   1,   1,  20, 182,  53], device='cuda:0')", "step": null, "ts": 1652649576.6882935}]}, "version": 183}
{"obj": {"type": "LogStrings", "path": ["monitoring", "stdout"], "values": [{"value": " ", "step": null, "ts": 1652649576.6900346}]}, "version": 184}
{"obj": {"type": "LogStrings", "path": ["monitoring", "stdout"], "values": [{"value": "tensor([  1,  20,  95,   1,   1,  20, 131,  77], device='cuda:0')", "step": null, "ts": 1652649576.6916487}]}, "version": 185}
{"obj": {"type": "LogStrings", "path": ["monitoring", "stdout"], "values": [{"value": "\n", "step": null, "ts": 1652649576.6928935}]}, "version": 186}
{"obj": {"type": "LogFloats", "path": ["train loss"], "values": [{"value": 5.011181354522705, "step": null, "ts": 1652649576.69439}]}, "version": 187}
{"obj": {"type": "LogFloats", "path": ["monitoring", "cpu"], "values": [{"value": 45.5, "step": null, "ts": 1652649576.7062993}]}, "version": 188}
{"obj": {"type": "LogFloats", "path": ["monitoring", "memory"], "values": [{"value": 6.4412841796875, "step": null, "ts": 1652649576.7062993}]}, "version": 189}
{"obj": {"type": "LogFloats", "path": ["monitoring", "gpu"], "values": [{"value": 49.0, "step": null, "ts": 1652649576.7062993}]}, "version": 190}
{"obj": {"type": "LogFloats", "path": ["monitoring", "gpu_memory"], "values": [{"value": 26.1923828125, "step": null, "ts": 1652649576.7062993}]}, "version": 191}
{"obj": {"type": "LogStrings", "path": ["monitoring", "stdout"], "values": [{"value": "tensor([ 20,  98,  52, 210, 108,  31,  20, 207], device='cuda:0')", "step": null, "ts": 1652649577.7428496}]}, "version": 192}
{"obj": {"type": "LogStrings", "path": ["monitoring", "stdout"], "values": [{"value": " ", "step": null, "ts": 1652649577.7445302}]}, "version": 193}
{"obj": {"type": "LogStrings", "path": ["monitoring", "stdout"], "values": [{"value": "tensor([20, 20, 58, 20, 10,  1,  1, 20], device='cuda:0')", "step": null, "ts": 1652649577.746086}]}, "version": 194}
{"obj": {"type": "LogStrings", "path": ["monitoring", "stdout"], "values": [{"value": "\n", "step": null, "ts": 1652649577.7472796}]}, "version": 195}
{"obj": {"type": "LogFloats", "path": ["train loss"], "values": [{"value": 5.450889587402344, "step": null, "ts": 1652649577.7485101}]}, "version": 196}
{"obj": {"type": "LogStrings", "path": ["monitoring", "stdout"], "values": [{"value": "tensor([143,  36,  79,   1,  20,  69, 199,  20], device='cuda:0')", "step": null, "ts": 1652649578.7240036}]}, "version": 197}
{"obj": {"type": "LogStrings", "path": ["monitoring", "stdout"], "values": [{"value": " ", "step": null, "ts": 1652649578.726315}]}, "version": 198}
{"obj": {"type": "LogStrings", "path": ["monitoring", "stdout"], "values": [{"value": "tensor([131,  10,   1,  96,  98,  18,  20,  20], device='cuda:0')", "step": null, "ts": 1652649578.7276602}]}, "version": 199}
{"obj": {"type": "LogStrings", "path": ["monitoring", "stdout"], "values": [{"value": "\n", "step": null, "ts": 1652649578.7291996}]}, "version": 200}
{"obj": {"type": "LogFloats", "path": ["train loss"], "values": [{"value": 5.310575485229492, "step": null, "ts": 1652649578.7308033}]}, "version": 201}
{"obj": {"type": "LogStrings", "path": ["monitoring", "stdout"], "values": [{"value": "tensor([175,  45, 253, 149,  99,  19, 201,  82], device='cuda:0')", "step": null, "ts": 1652649579.8265364}]}, "version": 202}
{"obj": {"type": "LogStrings", "path": ["monitoring", "stdout"], "values": [{"value": " ", "step": null, "ts": 1652649579.8284495}]}, "version": 203}
{"obj": {"type": "LogStrings", "path": ["monitoring", "stdout"], "values": [{"value": "tensor([ 20,   1, 293,  95,  20,  20, 131,   1], device='cuda:0')", "step": null, "ts": 1652649579.8298619}]}, "version": 204}
{"obj": {"type": "LogStrings", "path": ["monitoring", "stdout"], "values": [{"value": "\n", "step": null, "ts": 1652649579.831083}]}, "version": 205}
{"obj": {"type": "LogFloats", "path": ["train loss"], "values": [{"value": 5.831632614135742, "step": null, "ts": 1652649579.832395}]}, "version": 206}
{"obj": {"type": "LogStrings", "path": ["monitoring", "stdout"], "values": [{"value": "tensor([ 89, 114, 205,  39,   1,  79,  83, 149], device='cuda:0')", "step": null, "ts": 1652649580.7832465}]}, "version": 207}
{"obj": {"type": "LogStrings", "path": ["monitoring", "stdout"], "values": [{"value": " ", "step": null, "ts": 1652649580.7849488}]}, "version": 208}
{"obj": {"type": "LogStrings", "path": ["monitoring", "stdout"], "values": [{"value": "tensor([10, 20, 10,  1,  1, 58, 20,  1], device='cuda:0')", "step": null, "ts": 1652649580.787063}]}, "version": 209}
{"obj": {"type": "LogStrings", "path": ["monitoring", "stdout"], "values": [{"value": "\n", "step": null, "ts": 1652649580.788368}]}, "version": 210}
{"obj": {"type": "LogFloats", "path": ["train loss"], "values": [{"value": 5.179407119750977, "step": null, "ts": 1652649580.7899933}]}, "version": 211}
{"obj": {"type": "LogStrings", "path": ["monitoring", "stdout"], "values": [{"value": "tensor([ 83, 234,  82, 134,  36,  46, 198,  40], device='cuda:0')", "step": null, "ts": 1652649581.7977629}]}, "version": 212}
{"obj": {"type": "LogStrings", "path": ["monitoring", "stdout"], "values": [{"value": " ", "step": null, "ts": 1652649581.799798}]}, "version": 213}
{"obj": {"type": "LogStrings", "path": ["monitoring", "stdout"], "values": [{"value": "tensor([ 20,   1, 204,   1,  10, 116,  20,  20], device='cuda:0')", "step": null, "ts": 1652649581.8013563}]}, "version": 214}
{"obj": {"type": "LogStrings", "path": ["monitoring", "stdout"], "values": [{"value": "\n", "step": null, "ts": 1652649581.8027968}]}, "version": 215}
{"obj": {"type": "LogFloats", "path": ["train loss"], "values": [{"value": 5.473159313201904, "step": null, "ts": 1652649581.804369}]}, "version": 216}
{"obj": {"type": "LogStrings", "path": ["monitoring", "stdout"], "values": [{"value": "tensor([287, 119, 245,  41,  88, 291, 293, 150], device='cuda:0')", "step": null, "ts": 1652649583.0677123}]}, "version": 217}
{"obj": {"type": "LogStrings", "path": ["monitoring", "stdout"], "values": [{"value": " ", "step": null, "ts": 1652649583.0696607}]}, "version": 218}
{"obj": {"type": "LogStrings", "path": ["monitoring", "stdout"], "values": [{"value": "tensor([131,  10,  96,  20,   1,  10,   1,   1], device='cuda:0')", "step": null, "ts": 1652649583.071017}]}, "version": 219}
{"obj": {"type": "LogStrings", "path": ["monitoring", "stdout"], "values": [{"value": "\n", "step": null, "ts": 1652649583.0723968}]}, "version": 220}
{"obj": {"type": "LogFloats", "path": ["train loss"], "values": [{"value": 5.657251358032227, "step": null, "ts": 1652649583.073687}]}, "version": 221}
{"obj": {"type": "LogStrings", "path": ["monitoring", "stdout"], "values": [{"value": "tensor([ 94, 117,  20,  23, 277, 199, 262, 202], device='cuda:0')", "step": null, "ts": 1652649584.0637136}]}, "version": 222}
{"obj": {"type": "LogStrings", "path": ["monitoring", "stdout"], "values": [{"value": " ", "step": null, "ts": 1652649584.0653996}]}, "version": 223}
{"obj": {"type": "LogStrings", "path": ["monitoring", "stdout"], "values": [{"value": "tensor([ 16,   1,  20, 140,  16,   1,   1,  20], device='cuda:0')", "step": null, "ts": 1652649584.0667584}]}, "version": 224}
{"obj": {"type": "LogStrings", "path": ["monitoring", "stdout"], "values": [{"value": "\n", "step": null, "ts": 1652649584.0681164}]}, "version": 225}
{"obj": {"type": "LogFloats", "path": ["train loss"], "values": [{"value": 4.790596961975098, "step": null, "ts": 1652649584.069321}]}, "version": 226}
{"obj": {"type": "LogStrings", "path": ["monitoring", "stdout"], "values": [{"value": "tensor([257, 177, 139,   3, 203,  39,  20,  10], device='cuda:0')", "step": null, "ts": 1652649585.40445}]}, "version": 227}
{"obj": {"type": "LogStrings", "path": ["monitoring", "stdout"], "values": [{"value": " ", "step": null, "ts": 1652649585.406445}]}, "version": 228}
{"obj": {"type": "LogStrings", "path": ["monitoring", "stdout"], "values": [{"value": "tensor([98, 10, 95, 20, 96,  1, 20, 10], device='cuda:0')", "step": null, "ts": 1652649585.4079144}]}, "version": 229}
{"obj": {"type": "LogStrings", "path": ["monitoring", "stdout"], "values": [{"value": "\n", "step": null, "ts": 1652649585.4091418}]}, "version": 230}
{"obj": {"type": "LogFloats", "path": ["train loss"], "values": [{"value": 5.189977645874023, "step": null, "ts": 1652649585.4104822}]}, "version": 231}
{"obj": {"type": "LogStrings", "path": ["monitoring", "stdout"], "values": [{"value": "tensor([191,  94, 106,   1,  20, 142,  39,   2], device='cuda:0')", "step": null, "ts": 1652649586.3765256}]}, "version": 232}
{"obj": {"type": "LogStrings", "path": ["monitoring", "stdout"], "values": [{"value": " ", "step": null, "ts": 1652649586.3784704}]}, "version": 233}
{"obj": {"type": "LogStrings", "path": ["monitoring", "stdout"], "values": [{"value": "tensor([131,  10,   1, 184,   1, 293,   1,  20], device='cuda:0')", "step": null, "ts": 1652649586.3798313}]}, "version": 234}
{"obj": {"type": "LogStrings", "path": ["monitoring", "stdout"], "values": [{"value": "\n", "step": null, "ts": 1652649586.381142}]}, "version": 235}
{"obj": {"type": "LogFloats", "path": ["train loss"], "values": [{"value": 5.229049205780029, "step": null, "ts": 1652649586.3823366}]}, "version": 236}
{"obj": {"type": "LogFloats", "path": ["monitoring", "cpu"], "values": [{"value": 45.0, "step": null, "ts": 1652649586.7129006}]}, "version": 237}
{"obj": {"type": "LogFloats", "path": ["monitoring", "memory"], "values": [{"value": 6.4409332275390625, "step": null, "ts": 1652649586.7129006}]}, "version": 238}
{"obj": {"type": "LogFloats", "path": ["monitoring", "gpu"], "values": [{"value": 95.0, "step": null, "ts": 1652649586.7129006}]}, "version": 239}
{"obj": {"type": "LogFloats", "path": ["monitoring", "gpu_memory"], "values": [{"value": 26.1923828125, "step": null, "ts": 1652649586.7129006}]}, "version": 240}
{"obj": {"type": "LogStrings", "path": ["monitoring", "stdout"], "values": [{"value": "tensor([189, 279, 199, 294, 168, 275,  23,  93], device='cuda:0')", "step": null, "ts": 1652649587.4120364}]}, "version": 241}
{"obj": {"type": "LogStrings", "path": ["monitoring", "stdout"], "values": [{"value": " ", "step": null, "ts": 1652649587.4134464}]}, "version": 242}
{"obj": {"type": "LogStrings", "path": ["monitoring", "stdout"], "values": [{"value": "tensor([ 20, 131,   1,  95,  10,   1,  20,  20], device='cuda:0')", "step": null, "ts": 1652649587.4150467}]}, "version": 243}
{"obj": {"type": "LogStrings", "path": ["monitoring", "stdout"], "values": [{"value": "\n", "step": null, "ts": 1652649587.4162195}]}, "version": 244}
{"obj": {"type": "LogFloats", "path": ["train loss"], "values": [{"value": 6.045686721801758, "step": null, "ts": 1652649587.4176586}]}, "version": 245}
{"obj": {"type": "LogStrings", "path": ["monitoring", "stdout"], "values": [{"value": "tensor([106, 158,  60,  48, 231, 296, 216, 114], device='cuda:0')", "step": null, "ts": 1652649588.390426}]}, "version": 246}
{"obj": {"type": "LogStrings", "path": ["monitoring", "stdout"], "values": [{"value": " ", "step": null, "ts": 1652649588.392051}]}, "version": 247}
{"obj": {"type": "LogStrings", "path": ["monitoring", "stdout"], "values": [{"value": "tensor([116,   1,  58,  20,  20,  39,   1,  10], device='cuda:0')", "step": null, "ts": 1652649588.3940501}]}, "version": 248}
{"obj": {"type": "LogStrings", "path": ["monitoring", "stdout"], "values": [{"value": "\n", "step": null, "ts": 1652649588.3952787}]}, "version": 249}
{"obj": {"type": "LogFloats", "path": ["train loss"], "values": [{"value": 6.318279266357422, "step": null, "ts": 1652649588.396802}]}, "version": 250}
{"obj": {"type": "LogStrings", "path": ["monitoring", "stdout"], "values": [{"value": "tensor([220,  95, 134,  41,  90, 105, 105,  41], device='cuda:0')", "step": null, "ts": 1652649589.2516737}]}, "version": 251}
{"obj": {"type": "LogStrings", "path": ["monitoring", "stdout"], "values": [{"value": " ", "step": null, "ts": 1652649589.2535293}]}, "version": 252}
{"obj": {"type": "LogStrings", "path": ["monitoring", "stdout"], "values": [{"value": "tensor([204,  10,  10,   1,   1,  16, 140,  20], device='cuda:0')", "step": null, "ts": 1652649589.254885}]}, "version": 253}
{"obj": {"type": "LogStrings", "path": ["monitoring", "stdout"], "values": [{"value": "\n", "step": null, "ts": 1652649589.256096}]}, "version": 254}
{"obj": {"type": "LogFloats", "path": ["train loss"], "values": [{"value": 5.657046318054199, "step": null, "ts": 1652649589.2578802}]}, "version": 255}
{"obj": {"type": "LogStrings", "path": ["monitoring", "stdout"], "values": [{"value": "tensor([ 82, 105, 205,  32, 125,  72,  54, 117], device='cuda:0')", "step": null, "ts": 1652649590.2002528}]}, "version": 256}
{"obj": {"type": "LogStrings", "path": ["monitoring", "stdout"], "values": [{"value": " ", "step": null, "ts": 1652649590.2025993}]}, "version": 257}
{"obj": {"type": "LogStrings", "path": ["monitoring", "stdout"], "values": [{"value": "tensor([ 20, 204,  10,  42,  10,   1,  20, 131], device='cuda:0')", "step": null, "ts": 1652649590.2039554}]}, "version": 258}
{"obj": {"type": "LogStrings", "path": ["monitoring", "stdout"], "values": [{"value": "\n", "step": null, "ts": 1652649590.2051547}]}, "version": 259}
{"obj": {"type": "LogFloats", "path": ["train loss"], "values": [{"value": 5.9877519607543945, "step": null, "ts": 1652649590.2090704}]}, "version": 260}
{"obj": {"type": "LogStrings", "path": ["monitoring", "stdout"], "values": [{"value": "tensor([117, 278,  32,   4, 184,  95,  20, 217], device='cuda:0')", "step": null, "ts": 1652649591.1702354}]}, "version": 261}
{"obj": {"type": "LogStrings", "path": ["monitoring", "stdout"], "values": [{"value": " ", "step": null, "ts": 1652649591.171911}]}, "version": 262}
{"obj": {"type": "LogStrings", "path": ["monitoring", "stdout"], "values": [{"value": "tensor([ 36,  89,   1,  41,  20,  94,   1, 131], device='cuda:0')", "step": null, "ts": 1652649591.1733007}]}, "version": 263}
{"obj": {"type": "LogStrings", "path": ["monitoring", "stdout"], "values": [{"value": "\n", "step": null, "ts": 1652649591.174443}]}, "version": 264}
{"obj": {"type": "LogFloats", "path": ["train loss"], "values": [{"value": 5.656918048858643, "step": null, "ts": 1652649591.1780071}]}, "version": 265}
{"obj": {"type": "LogStrings", "path": ["monitoring", "stdout"], "values": [{"value": "tensor([175, 114,  36,  47,  20,  72, 247,   7], device='cuda:0')", "step": null, "ts": 1652649592.0709713}]}, "version": 266}
{"obj": {"type": "LogStrings", "path": ["monitoring", "stdout"], "values": [{"value": " ", "step": null, "ts": 1652649592.072616}]}, "version": 267}
{"obj": {"type": "LogStrings", "path": ["monitoring", "stdout"], "values": [{"value": "tensor([ 16, 131,  10,   1,  20,  20,  41,  41], device='cuda:0')", "step": null, "ts": 1652649592.074055}]}, "version": 268}
{"obj": {"type": "LogStrings", "path": ["monitoring", "stdout"], "values": [{"value": "\n", "step": null, "ts": 1652649592.0753043}]}, "version": 269}
{"obj": {"type": "LogFloats", "path": ["train loss"], "values": [{"value": 5.361639976501465, "step": null, "ts": 1652649592.07662}]}, "version": 270}
{"obj": {"type": "LogStrings", "path": ["monitoring", "stdout"], "values": [{"value": "tensor([163,   1,   1,  96,  49, 292, 191, 260], device='cuda:0')", "step": null, "ts": 1652649593.0277684}]}, "version": 271}
{"obj": {"type": "LogStrings", "path": ["monitoring", "stdout"], "values": [{"value": " ", "step": null, "ts": 1652649593.0294466}]}, "version": 272}
{"obj": {"type": "LogStrings", "path": ["monitoring", "stdout"], "values": [{"value": "tensor([ 20,   1,  20,  10,   1,  36, 293,  20], device='cuda:0')", "step": null, "ts": 1652649593.0314152}]}, "version": 273}
{"obj": {"type": "LogStrings", "path": ["monitoring", "stdout"], "values": [{"value": "\n", "step": null, "ts": 1652649593.0328526}]}, "version": 274}
{"obj": {"type": "LogFloats", "path": ["train loss"], "values": [{"value": 4.787670135498047, "step": null, "ts": 1652649593.0342398}]}, "version": 275}
{"obj": {"type": "LogStrings", "path": ["monitoring", "stdout"], "values": [{"value": "tensor([105,  10, 110, 197,  20, 306, 104,  23], device='cuda:0')", "step": null, "ts": 1652649594.0724876}]}, "version": 276}
{"obj": {"type": "LogStrings", "path": ["monitoring", "stdout"], "values": [{"value": " ", "step": null, "ts": 1652649594.0743957}]}, "version": 277}
{"obj": {"type": "LogStrings", "path": ["monitoring", "stdout"], "values": [{"value": "tensor([204, 116, 293,  20,  20,  20,   1,   1], device='cuda:0')", "step": null, "ts": 1652649594.075837}]}, "version": 278}
{"obj": {"type": "LogStrings", "path": ["monitoring", "stdout"], "values": [{"value": "\n", "step": null, "ts": 1652649594.0769598}]}, "version": 279}
{"obj": {"type": "LogFloats", "path": ["train loss"], "values": [{"value": 4.974593162536621, "step": null, "ts": 1652649594.0784209}]}, "version": 280}
{"obj": {"type": "LogStrings", "path": ["monitoring", "stdout"], "values": [{"value": "tensor([ 98, 293,  47,  10,  46, 202,  94,  88], device='cuda:0')", "step": null, "ts": 1652649595.2398717}]}, "version": 281}
{"obj": {"type": "LogStrings", "path": ["monitoring", "stdout"], "values": [{"value": " ", "step": null, "ts": 1652649595.2422073}]}, "version": 282}
{"obj": {"type": "LogStrings", "path": ["monitoring", "stdout"], "values": [{"value": "tensor([20, 20, 20, 10, 36,  1, 95, 83], device='cuda:0')", "step": null, "ts": 1652649595.2435465}]}, "version": 283}
{"obj": {"type": "LogStrings", "path": ["monitoring", "stdout"], "values": [{"value": "\n", "step": null, "ts": 1652649595.2511587}]}, "version": 284}
{"obj": {"type": "LogFloats", "path": ["train loss"], "values": [{"value": 4.788214683532715, "step": null, "ts": 1652649595.2527707}]}, "version": 285}
{"obj": {"type": "LogStrings", "path": ["monitoring", "stdout"], "values": [{"value": "tensor([202, 119, 132,  62,  33, 202, 140,  20], device='cuda:0')", "step": null, "ts": 1652649596.3815043}]}, "version": 286}
{"obj": {"type": "LogStrings", "path": ["monitoring", "stdout"], "values": [{"value": " ", "step": null, "ts": 1652649596.3830264}]}, "version": 287}
{"obj": {"type": "LogStrings", "path": ["monitoring", "stdout"], "values": [{"value": "tensor([20, 20, 10,  1, 96,  1, 39, 20], device='cuda:0')", "step": null, "ts": 1652649596.3845327}]}, "version": 288}
{"obj": {"type": "LogStrings", "path": ["monitoring", "stdout"], "values": [{"value": "\n", "step": null, "ts": 1652649596.3858917}]}, "version": 289}
{"obj": {"type": "LogFloats", "path": ["train loss"], "values": [{"value": 4.916323661804199, "step": null, "ts": 1652649596.3871903}]}, "version": 290}
{"obj": {"type": "LogFloats", "path": ["monitoring", "cpu"], "values": [{"value": 44.7, "step": null, "ts": 1652649596.719989}]}, "version": 291}
{"obj": {"type": "LogFloats", "path": ["monitoring", "memory"], "values": [{"value": 6.480525970458984, "step": null, "ts": 1652649596.719989}]}, "version": 292}
{"obj": {"type": "LogFloats", "path": ["monitoring", "gpu"], "values": [{"value": 100.0, "step": null, "ts": 1652649596.719989}]}, "version": 293}
{"obj": {"type": "LogFloats", "path": ["monitoring", "gpu_memory"], "values": [{"value": 26.1923828125, "step": null, "ts": 1652649596.719989}]}, "version": 294}
{"obj": {"type": "LogStrings", "path": ["monitoring", "stdout"], "values": [{"value": "tensor([238,   4, 182,  77, 247,  23,  20, 110], device='cuda:0')", "step": null, "ts": 1652649597.387545}]}, "version": 295}
{"obj": {"type": "LogStrings", "path": ["monitoring", "stdout"], "values": [{"value": " ", "step": null, "ts": 1652649597.389062}]}, "version": 296}
{"obj": {"type": "LogStrings", "path": ["monitoring", "stdout"], "values": [{"value": "tensor([10, 20, 20, 77, 20, 20, 10, 36], device='cuda:0')", "step": null, "ts": 1652649597.390473}]}, "version": 297}
{"obj": {"type": "LogStrings", "path": ["monitoring", "stdout"], "values": [{"value": "\n", "step": null, "ts": 1652649597.3917606}]}, "version": 298}
{"obj": {"type": "LogFloats", "path": ["train loss"], "values": [{"value": 5.1706953048706055, "step": null, "ts": 1652649597.3931906}]}, "version": 299}
{"obj": {"type": "LogStrings", "path": ["monitoring", "stdout"], "values": [{"value": "tensor([150,   3,  39, 164, 134,  88, 226, 143], device='cuda:0')", "step": null, "ts": 1652649598.4328256}]}, "version": 300}
{"obj": {"type": "LogStrings", "path": ["monitoring", "stdout"], "values": [{"value": " ", "step": null, "ts": 1652649598.4346516}]}, "version": 301}
{"obj": {"type": "LogStrings", "path": ["monitoring", "stdout"], "values": [{"value": "tensor([ 20,   1, 131,  20,  10,  20,  10,  39], device='cuda:0')", "step": null, "ts": 1652649598.436253}]}, "version": 302}
{"obj": {"type": "LogStrings", "path": ["monitoring", "stdout"], "values": [{"value": "\n", "step": null, "ts": 1652649598.4375663}]}, "version": 303}
{"obj": {"type": "LogFloats", "path": ["train loss"], "values": [{"value": 5.486072540283203, "step": null, "ts": 1652649598.4391274}]}, "version": 304}
{"obj": {"type": "LogStrings", "path": ["monitoring", "stdout"], "values": [{"value": "tensor([295, 237,  32,  39, 149,  20, 112,  48], device='cuda:0')", "step": null, "ts": 1652649599.455501}]}, "version": 305}
{"obj": {"type": "LogStrings", "path": ["monitoring", "stdout"], "values": [{"value": " ", "step": null, "ts": 1652649599.457364}]}, "version": 306}
{"obj": {"type": "LogStrings", "path": ["monitoring", "stdout"], "values": [{"value": "tensor([  1,  20,  10, 204,  95,  20,  20,  20], device='cuda:0')", "step": null, "ts": 1652649599.4588501}]}, "version": 307}
{"obj": {"type": "LogStrings", "path": ["monitoring", "stdout"], "values": [{"value": "\n", "step": null, "ts": 1652649599.4601905}]}, "version": 308}
{"obj": {"type": "LogFloats", "path": ["train loss"], "values": [{"value": 5.581058502197266, "step": null, "ts": 1652649599.4617186}]}, "version": 309}
{"obj": {"type": "LogStrings", "path": ["monitoring", "stdout"], "values": [{"value": "tensor([ 51,  31,  93, 158,  36,  90,  98,   1], device='cuda:0')", "step": null, "ts": 1652649600.4972737}]}, "version": 310}
{"obj": {"type": "LogStrings", "path": ["monitoring", "stdout"], "values": [{"value": " ", "step": null, "ts": 1652649600.502932}]}, "version": 311}
{"obj": {"type": "LogStrings", "path": ["monitoring", "stdout"], "values": [{"value": "tensor([ 20,  36,   1,   1, 204, 131,  20,  20], device='cuda:0')", "step": null, "ts": 1652649600.504337}]}, "version": 312}
{"obj": {"type": "LogStrings", "path": ["monitoring", "stdout"], "values": [{"value": "\n", "step": null, "ts": 1652649600.5055184}]}, "version": 313}
{"obj": {"type": "LogFloats", "path": ["train loss"], "values": [{"value": 5.065155029296875, "step": null, "ts": 1652649600.506781}]}, "version": 314}
{"obj": {"type": "LogStrings", "path": ["monitoring", "stdout"], "values": [{"value": "tensor([ 94, 125, 168,  46, 149,   4, 262, 283], device='cuda:0')", "step": null, "ts": 1652649601.489728}]}, "version": 315}
{"obj": {"type": "LogStrings", "path": ["monitoring", "stdout"], "values": [{"value": " ", "step": null, "ts": 1652649601.491342}]}, "version": 316}
{"obj": {"type": "LogStrings", "path": ["monitoring", "stdout"], "values": [{"value": "tensor([ 10,   1, 132,   1,  20,   2,  20,  95], device='cuda:0')", "step": null, "ts": 1652649601.4930763}]}, "version": 317}
{"obj": {"type": "LogStrings", "path": ["monitoring", "stdout"], "values": [{"value": "\n", "step": null, "ts": 1652649601.494283}]}, "version": 318}
{"obj": {"type": "LogFloats", "path": ["train loss"], "values": [{"value": 5.38657283782959, "step": null, "ts": 1652649601.4955175}]}, "version": 319}
{"obj": {"type": "LogStrings", "path": ["monitoring", "stdout"], "values": [{"value": "tensor([123,  33,  42,  36,   0, 214, 104,  20], device='cuda:0')", "step": null, "ts": 1652649602.547147}]}, "version": 320}
{"obj": {"type": "LogStrings", "path": ["monitoring", "stdout"], "values": [{"value": " ", "step": null, "ts": 1652649602.5547616}]}, "version": 321}
{"obj": {"type": "LogStrings", "path": ["monitoring", "stdout"], "values": [{"value": "tensor([ 83,  36,   1,  20,  41, 131,  10,  20], device='cuda:0')", "step": null, "ts": 1652649602.562794}]}, "version": 322}
{"obj": {"type": "LogStrings", "path": ["monitoring", "stdout"], "values": [{"value": "\n", "step": null, "ts": 1652649602.5640798}]}, "version": 323}
{"obj": {"type": "LogFloats", "path": ["train loss"], "values": [{"value": 4.953179359436035, "step": null, "ts": 1652649602.5653586}]}, "version": 324}
{"obj": {"type": "LogStrings", "path": ["monitoring", "stdout"], "values": [{"value": "tensor([ 20,  42, 201,   1, 233,   1, 113, 125], device='cuda:0')", "step": null, "ts": 1652649603.4519513}]}, "version": 325}
{"obj": {"type": "LogStrings", "path": ["monitoring", "stdout"], "values": [{"value": " ", "step": null, "ts": 1652649603.4536374}]}, "version": 326}
{"obj": {"type": "LogStrings", "path": ["monitoring", "stdout"], "values": [{"value": "tensor([20,  1, 10,  1, 10,  1, 20, 20], device='cuda:0')", "step": null, "ts": 1652649603.4552352}]}, "version": 327}
{"obj": {"type": "LogStrings", "path": ["monitoring", "stdout"], "values": [{"value": "\n", "step": null, "ts": 1652649603.456681}]}, "version": 328}
{"obj": {"type": "LogFloats", "path": ["train loss"], "values": [{"value": 4.46147346496582, "step": null, "ts": 1652649603.4578857}]}, "version": 329}
{"obj": {"type": "LogStrings", "path": ["monitoring", "stdout"], "values": [{"value": "tensor([113, 149,   1, 150, 266,   3,  53,   8], device='cuda:0')", "step": null, "ts": 1652649604.6067355}]}, "version": 330}
{"obj": {"type": "LogStrings", "path": ["monitoring", "stdout"], "values": [{"value": " ", "step": null, "ts": 1652649604.6084561}]}, "version": 331}
{"obj": {"type": "LogStrings", "path": ["monitoring", "stdout"], "values": [{"value": "tensor([  1,   1,   1,  10, 110,  95,  20,   2], device='cuda:0')", "step": null, "ts": 1652649604.6100354}]}, "version": 332}
{"obj": {"type": "LogStrings", "path": ["monitoring", "stdout"], "values": [{"value": "\n", "step": null, "ts": 1652649604.6135626}]}, "version": 333}
{"obj": {"type": "LogFloats", "path": ["train loss"], "values": [{"value": 5.561295032501221, "step": null, "ts": 1652649604.6147852}]}, "version": 334}
{"obj": {"type": "LogStrings", "path": ["monitoring", "stdout"], "values": [{"value": "tensor([119, 188, 147, 104,  36, 202,  22,   1], device='cuda:0')", "step": null, "ts": 1652649605.5997343}]}, "version": 335}
{"obj": {"type": "LogStrings", "path": ["monitoring", "stdout"], "values": [{"value": " ", "step": null, "ts": 1652649605.6014988}]}, "version": 336}
{"obj": {"type": "LogStrings", "path": ["monitoring", "stdout"], "values": [{"value": "tensor([131,  39,  20,   1,  36,  20,  20,  42], device='cuda:0')", "step": null, "ts": 1652649605.6031208}]}, "version": 337}
{"obj": {"type": "LogStrings", "path": ["monitoring", "stdout"], "values": [{"value": "\n", "step": null, "ts": 1652649605.6043174}]}, "version": 338}
{"obj": {"type": "LogFloats", "path": ["train loss"], "values": [{"value": 4.999147891998291, "step": null, "ts": 1652649605.6058922}]}, "version": 339}
{"obj": {"type": "LogStrings", "path": ["monitoring", "stdout"], "values": [{"value": "tensor([228,  41,   4, 105,  20,   7,   8,  47], device='cuda:0')", "step": null, "ts": 1652649606.5623715}]}, "version": 340}
{"obj": {"type": "LogStrings", "path": ["monitoring", "stdout"], "values": [{"value": " ", "step": null, "ts": 1652649606.5640476}]}, "version": 341}
{"obj": {"type": "LogStrings", "path": ["monitoring", "stdout"], "values": [{"value": "tensor([10, 41,  1, 36, 20, 20,  1, 20], device='cuda:0')", "step": null, "ts": 1652649606.565644}]}, "version": 342}
{"obj": {"type": "LogStrings", "path": ["monitoring", "stdout"], "values": [{"value": "\n", "step": null, "ts": 1652649606.5668435}]}, "version": 343}
{"obj": {"type": "LogFloats", "path": ["train loss"], "values": [{"value": 4.807349681854248, "step": null, "ts": 1652649606.568339}]}, "version": 344}
{"obj": {"type": "LogFloats", "path": ["monitoring", "cpu"], "values": [{"value": 44.5, "step": null, "ts": 1652649606.7254727}]}, "version": 345}
{"obj": {"type": "LogFloats", "path": ["monitoring", "memory"], "values": [{"value": 6.440101623535156, "step": null, "ts": 1652649606.7254727}]}, "version": 346}
{"obj": {"type": "LogFloats", "path": ["monitoring", "gpu"], "values": [{"value": 95.0, "step": null, "ts": 1652649606.7254727}]}, "version": 347}
{"obj": {"type": "LogFloats", "path": ["monitoring", "gpu_memory"], "values": [{"value": 26.1923828125, "step": null, "ts": 1652649606.7254727}]}, "version": 348}
{"obj": {"type": "LogStrings", "path": ["monitoring", "stdout"], "values": [{"value": "tensor([243,  94,   2, 191,  73, 228,   1,  36], device='cuda:0')", "step": null, "ts": 1652649607.5006626}]}, "version": 349}
{"obj": {"type": "LogStrings", "path": ["monitoring", "stdout"], "values": [{"value": " ", "step": null, "ts": 1652649607.5021684}]}, "version": 350}
{"obj": {"type": "LogStrings", "path": ["monitoring", "stdout"], "values": [{"value": "tensor([36, 89, 20, 20, 20,  1,  1, 10], device='cuda:0')", "step": null, "ts": 1652649607.5038218}]}, "version": 351}
{"obj": {"type": "LogStrings", "path": ["monitoring", "stdout"], "values": [{"value": "\n", "step": null, "ts": 1652649607.5049164}]}, "version": 352}
{"obj": {"type": "LogFloats", "path": ["train loss"], "values": [{"value": 5.3473711013793945, "step": null, "ts": 1652649607.506236}]}, "version": 353}
{"obj": {"type": "LogStrings", "path": ["monitoring", "stdout"], "values": [{"value": "tensor([ 94,   1,  41, 194, 173,  36,  79, 193], device='cuda:0')", "step": null, "ts": 1652649608.5356898}]}, "version": 354}
{"obj": {"type": "LogStrings", "path": ["monitoring", "stdout"], "values": [{"value": " ", "step": null, "ts": 1652649608.5373778}]}, "version": 355}
{"obj": {"type": "LogStrings", "path": ["monitoring", "stdout"], "values": [{"value": "tensor([10, 20, 20, 20, 10, 36, 20,  1], device='cuda:0')", "step": null, "ts": 1652649608.5390403}]}, "version": 356}
{"obj": {"type": "LogStrings", "path": ["monitoring", "stdout"], "values": [{"value": "\n", "step": null, "ts": 1652649608.5401866}]}, "version": 357}
{"obj": {"type": "LogFloats", "path": ["train loss"], "values": [{"value": 4.861734390258789, "step": null, "ts": 1652649608.5414705}]}, "version": 358}
{"obj": {"type": "LogStrings", "path": ["monitoring", "stdout"], "values": [{"value": "tensor([242, 105,  60, 105,  62, 116,  88, 148], device='cuda:0')", "step": null, "ts": 1652649609.4700484}]}, "version": 359}
{"obj": {"type": "LogStrings", "path": ["monitoring", "stdout"], "values": [{"value": " ", "step": null, "ts": 1652649609.4717932}]}, "version": 360}
{"obj": {"type": "LogStrings", "path": ["monitoring", "stdout"], "values": [{"value": "tensor([107,   1,  20,  20,  20, 131,   1,  10], device='cuda:0')", "step": null, "ts": 1652649609.4734042}]}, "version": 361}
{"obj": {"type": "LogStrings", "path": ["monitoring", "stdout"], "values": [{"value": "\n", "step": null, "ts": 1652649609.4747632}]}, "version": 362}
{"obj": {"type": "LogFloats", "path": ["train loss"], "values": [{"value": 5.460427284240723, "step": null, "ts": 1652649609.4763417}]}, "version": 363}
{"obj": {"type": "LogStrings", "path": ["monitoring", "stdout"], "values": [{"value": "tensor([125, 110,  36, 150,  30,  72,   1, 104], device='cuda:0')", "step": null, "ts": 1652649610.4362514}]}, "version": 364}
{"obj": {"type": "LogStrings", "path": ["monitoring", "stdout"], "values": [{"value": " ", "step": null, "ts": 1652649610.4379299}]}, "version": 365}
{"obj": {"type": "LogStrings", "path": ["monitoring", "stdout"], "values": [{"value": "tensor([125,  10,   1,  36,  20,   1,  20, 110], device='cuda:0')", "step": null, "ts": 1652649610.4392974}]}, "version": 366}
{"obj": {"type": "LogStrings", "path": ["monitoring", "stdout"], "values": [{"value": "\n", "step": null, "ts": 1652649610.4431474}]}, "version": 367}
{"obj": {"type": "LogFloats", "path": ["train loss"], "values": [{"value": 5.263045787811279, "step": null, "ts": 1652649610.444705}]}, "version": 368}
{"obj": {"type": "LogStrings", "path": ["monitoring", "stdout"], "values": [{"value": "tensor([ 39, 264,  42, 147,  20, 199,   0,  58], device='cuda:0')", "step": null, "ts": 1652649611.2836263}]}, "version": 369}
{"obj": {"type": "LogStrings", "path": ["monitoring", "stdout"], "values": [{"value": " ", "step": null, "ts": 1652649611.2852705}]}, "version": 370}
{"obj": {"type": "LogStrings", "path": ["monitoring", "stdout"], "values": [{"value": "tensor([39, 10,  1, 20, 20, 41, 20, 95], device='cuda:0')", "step": null, "ts": 1652649611.2868927}]}, "version": 371}
{"obj": {"type": "LogStrings", "path": ["monitoring", "stdout"], "values": [{"value": "\n", "step": null, "ts": 1652649611.2880528}]}, "version": 372}
{"obj": {"type": "LogFloats", "path": ["train loss"], "values": [{"value": 4.709769248962402, "step": null, "ts": 1652649611.2895184}]}, "version": 373}
{"obj": {"type": "LogStrings", "path": ["monitoring", "stdout"], "values": [{"value": "tensor([233,  20, 162,   1, 176, 146, 150, 149], device='cuda:0')", "step": null, "ts": 1652649612.4318953}]}, "version": 374}
{"obj": {"type": "LogStrings", "path": ["monitoring", "stdout"], "values": [{"value": " ", "step": null, "ts": 1652649612.4334176}]}, "version": 375}
{"obj": {"type": "LogStrings", "path": ["monitoring", "stdout"], "values": [{"value": "tensor([ 1, 20, 20,  1, 10, 10, 39, 20], device='cuda:0')", "step": null, "ts": 1652649612.434984}]}, "version": 376}
{"obj": {"type": "LogStrings", "path": ["monitoring", "stdout"], "values": [{"value": "\n", "step": null, "ts": 1652649612.4362648}]}, "version": 377}
{"obj": {"type": "LogFloats", "path": ["train loss"], "values": [{"value": 4.459877014160156, "step": null, "ts": 1652649612.4374976}]}, "version": 378}
{"obj": {"type": "LogStrings", "path": ["monitoring", "stdout"], "values": [{"value": "tensor([104,   1,  32, 297, 106,   7, 115,   1], device='cuda:0')", "step": null, "ts": 1652649613.4049902}]}, "version": 379}
{"obj": {"type": "LogStrings", "path": ["monitoring", "stdout"], "values": [{"value": " ", "step": null, "ts": 1652649613.406609}]}, "version": 380}
{"obj": {"type": "LogStrings", "path": ["monitoring", "stdout"], "values": [{"value": "tensor([95,  1, 20,  1, 36,  1, 10, 20], device='cuda:0')", "step": null, "ts": 1652649613.4125867}]}, "version": 381}
{"obj": {"type": "LogStrings", "path": ["monitoring", "stdout"], "values": [{"value": "\n", "step": null, "ts": 1652649613.4137976}]}, "version": 382}
{"obj": {"type": "LogFloats", "path": ["train loss"], "values": [{"value": 5.0626935958862305, "step": null, "ts": 1652649613.4150622}]}, "version": 383}
{"obj": {"type": "LogStrings", "path": ["monitoring", "stdout"], "values": [{"value": "tensor([ 94, 229,  98, 131, 201,   1,  20, 125], device='cuda:0')", "step": null, "ts": 1652649614.3838403}]}, "version": 384}
{"obj": {"type": "LogStrings", "path": ["monitoring", "stdout"], "values": [{"value": " ", "step": null, "ts": 1652649614.3856766}]}, "version": 385}
{"obj": {"type": "LogStrings", "path": ["monitoring", "stdout"], "values": [{"value": "tensor([20,  1,  1, 36, 10, 20, 41, 20], device='cuda:0')", "step": null, "ts": 1652649614.3873699}]}, "version": 386}
{"obj": {"type": "LogStrings", "path": ["monitoring", "stdout"], "values": [{"value": "\n", "step": null, "ts": 1652649614.3886552}]}, "version": 387}
{"obj": {"type": "LogFloats", "path": ["train loss"], "values": [{"value": 4.442302703857422, "step": null, "ts": 1652649614.389903}]}, "version": 388}
{"obj": {"type": "LogStrings", "path": ["monitoring", "stdout"], "values": [{"value": "tensor([ 20,  20,  96,  31,  36, 104, 157,   4], device='cuda:0')", "step": null, "ts": 1652649615.2796104}]}, "version": 389}
{"obj": {"type": "LogStrings", "path": ["monitoring", "stdout"], "values": [{"value": " ", "step": null, "ts": 1652649615.2821214}]}, "version": 390}
{"obj": {"type": "LogStrings", "path": ["monitoring", "stdout"], "values": [{"value": "tensor([ 1, 20, 36,  1, 10, 95, 20,  1], device='cuda:0')", "step": null, "ts": 1652649615.2836149}]}, "version": 391}
{"obj": {"type": "LogStrings", "path": ["monitoring", "stdout"], "values": [{"value": "\n", "step": null, "ts": 1652649615.2855828}]}, "version": 392}
{"obj": {"type": "LogFloats", "path": ["train loss"], "values": [{"value": 4.271785736083984, "step": null, "ts": 1652649615.287131}]}, "version": 393}
{"obj": {"type": "LogStrings", "path": ["monitoring", "stdout"], "values": [{"value": "tensor([ 79,   3, 105,   1,   1, 147,   2, 163], device='cuda:0')", "step": null, "ts": 1652649616.2487278}]}, "version": 394}
{"obj": {"type": "LogStrings", "path": ["monitoring", "stdout"], "values": [{"value": " ", "step": null, "ts": 1652649616.2503934}]}, "version": 395}
{"obj": {"type": "LogStrings", "path": ["monitoring", "stdout"], "values": [{"value": "tensor([202,  98,  10,   1,   1,  96,  20,   1], device='cuda:0')", "step": null, "ts": 1652649616.2518096}]}, "version": 396}
{"obj": {"type": "LogStrings", "path": ["monitoring", "stdout"], "values": [{"value": "\n", "step": null, "ts": 1652649616.253814}]}, "version": 397}
{"obj": {"type": "LogFloats", "path": ["train loss"], "values": [{"value": 4.652658462524414, "step": null, "ts": 1652649616.255102}]}, "version": 398}
{"obj": {"type": "LogFloats", "path": ["monitoring", "cpu"], "values": [{"value": 45.5, "step": null, "ts": 1652649616.7309601}]}, "version": 399}
{"obj": {"type": "LogFloats", "path": ["monitoring", "memory"], "values": [{"value": 6.515205383300781, "step": null, "ts": 1652649616.7309601}]}, "version": 400}
{"obj": {"type": "LogFloats", "path": ["monitoring", "gpu"], "values": [{"value": 62.0, "step": null, "ts": 1652649616.7309601}]}, "version": 401}
{"obj": {"type": "LogFloats", "path": ["monitoring", "gpu_memory"], "values": [{"value": 26.1923828125, "step": null, "ts": 1652649616.7309601}]}, "version": 402}
{"obj": {"type": "LogStrings", "path": ["monitoring", "stdout"], "values": [{"value": "tensor([ 83,   7, 150, 158,  20, 188, 105,  20], device='cuda:0')", "step": null, "ts": 1652649617.199072}]}, "version": 403}
{"obj": {"type": "LogStrings", "path": ["monitoring", "stdout"], "values": [{"value": " ", "step": null, "ts": 1652649617.200711}]}, "version": 404}
{"obj": {"type": "LogStrings", "path": ["monitoring", "stdout"], "values": [{"value": "tensor([ 20,  20,  10,   1,   1,  36,  10, 132], device='cuda:0')", "step": null, "ts": 1652649617.2022252}]}, "version": 405}
{"obj": {"type": "LogStrings", "path": ["monitoring", "stdout"], "values": [{"value": "\n", "step": null, "ts": 1652649617.20366}]}, "version": 406}
{"obj": {"type": "LogFloats", "path": ["train loss"], "values": [{"value": 5.273255348205566, "step": null, "ts": 1652649617.2049394}]}, "version": 407}
{"obj": {"type": "LogStrings", "path": ["monitoring", "stdout"], "values": [{"value": "tensor([202,  14, 116, 163,   2, 276,  88, 163], device='cuda:0')", "step": null, "ts": 1652649618.3856401}]}, "version": 408}
{"obj": {"type": "LogStrings", "path": ["monitoring", "stdout"], "values": [{"value": " ", "step": null, "ts": 1652649618.3871474}]}, "version": 409}
{"obj": {"type": "LogStrings", "path": ["monitoring", "stdout"], "values": [{"value": "tensor([ 1, 36, 10, 20, 20, 39, 95,  1], device='cuda:0')", "step": null, "ts": 1652649618.3884811}]}, "version": 410}
{"obj": {"type": "LogStrings", "path": ["monitoring", "stdout"], "values": [{"value": "\n", "step": null, "ts": 1652649618.391354}]}, "version": 411}
{"obj": {"type": "LogFloats", "path": ["train loss"], "values": [{"value": 4.981729984283447, "step": null, "ts": 1652649618.3928888}]}, "version": 412}
{"obj": {"type": "LogStrings", "path": ["monitoring", "stdout"], "values": [{"value": "tensor([272,  35,  90, 132, 296,   1,  20,  41], device='cuda:0')", "step": null, "ts": 1652649619.3711383}]}, "version": 413}
{"obj": {"type": "LogStrings", "path": ["monitoring", "stdout"], "values": [{"value": " ", "step": null, "ts": 1652649619.3728979}]}, "version": 414}
{"obj": {"type": "LogStrings", "path": ["monitoring", "stdout"], "values": [{"value": "tensor([10, 20, 36, 36, 20,  1, 20,  1], device='cuda:0')", "step": null, "ts": 1652649619.3745854}]}, "version": 415}
{"obj": {"type": "LogStrings", "path": ["monitoring", "stdout"], "values": [{"value": "\n", "step": null, "ts": 1652649619.3761506}]}, "version": 416}
{"obj": {"type": "LogFloats", "path": ["train loss"], "values": [{"value": 4.5653300285339355, "step": null, "ts": 1652649619.3774168}]}, "version": 417}
{"obj": {"type": "LogStrings", "path": ["monitoring", "stdout"], "values": [{"value": "tensor([ 20, 201, 268,  19,  46, 222,  20,  48], device='cuda:0')", "step": null, "ts": 1652649620.3082023}]}, "version": 418}
{"obj": {"type": "LogStrings", "path": ["monitoring", "stdout"], "values": [{"value": " ", "step": null, "ts": 1652649620.309783}]}, "version": 419}
{"obj": {"type": "LogStrings", "path": ["monitoring", "stdout"], "values": [{"value": "tensor([  1,  39,   1, 116,  36,  96,  20,   1], device='cuda:0')", "step": null, "ts": 1652649620.3112185}]}, "version": 420}
{"obj": {"type": "LogStrings", "path": ["monitoring", "stdout"], "values": [{"value": "\n", "step": null, "ts": 1652649620.3123991}]}, "version": 421}
{"obj": {"type": "LogFloats", "path": ["train loss"], "values": [{"value": 4.857885837554932, "step": null, "ts": 1652649620.3136442}]}, "version": 422}
{"obj": {"type": "LogStrings", "path": ["monitoring", "stdout"], "values": [{"value": "tensor([ 22,  85,  86,   8, 126, 190,  25,  10], device='cuda:0')", "step": null, "ts": 1652649621.4069855}]}, "version": 423}
{"obj": {"type": "LogStrings", "path": ["monitoring", "stdout"], "values": [{"value": " ", "step": null, "ts": 1652649621.408635}]}, "version": 424}
{"obj": {"type": "LogStrings", "path": ["monitoring", "stdout"], "values": [{"value": "tensor([ 36, 204,   1,   1,  10,  20,  20,  36], device='cuda:0')", "step": null, "ts": 1652649621.4099848}]}, "version": 425}
{"obj": {"type": "LogStrings", "path": ["monitoring", "stdout"], "values": [{"value": "\n", "step": null, "ts": 1652649621.4115698}]}, "version": 426}
{"obj": {"type": "LogFloats", "path": ["train loss"], "values": [{"value": 5.864841938018799, "step": null, "ts": 1652649621.4129717}]}, "version": 427}
{"obj": {"type": "LogStrings", "path": ["monitoring", "stdout"], "values": [{"value": "tensor([ 73,  20,  31,  27,  26,  39, 112, 203], device='cuda:0')", "step": null, "ts": 1652649622.3207579}]}, "version": 428}
{"obj": {"type": "LogStrings", "path": ["monitoring", "stdout"], "values": [{"value": " ", "step": null, "ts": 1652649622.3223896}]}, "version": 429}
{"obj": {"type": "LogStrings", "path": ["monitoring", "stdout"], "values": [{"value": "tensor([36, 20, 20, 10, 36, 39, 20,  1], device='cuda:0')", "step": null, "ts": 1652649622.324837}]}, "version": 430}
{"obj": {"type": "LogStrings", "path": ["monitoring", "stdout"], "values": [{"value": "\n", "step": null, "ts": 1652649622.3277292}]}, "version": 431}
{"obj": {"type": "LogFloats", "path": ["train loss"], "values": [{"value": 5.306190490722656, "step": null, "ts": 1652649622.328857}]}, "version": 432}
{"obj": {"type": "LogStrings", "path": ["monitoring", "stdout"], "values": [{"value": "tensor([201, 185,  36, 140,  94,  69, 297,   1], device='cuda:0')", "step": null, "ts": 1652649623.2150002}]}, "version": 433}
{"obj": {"type": "LogStrings", "path": ["monitoring", "stdout"], "values": [{"value": " ", "step": null, "ts": 1652649623.216667}]}, "version": 434}
{"obj": {"type": "LogStrings", "path": ["monitoring", "stdout"], "values": [{"value": "tensor([36, 20, 10, 20, 96, 36,  1,  1], device='cuda:0')", "step": null, "ts": 1652649623.218208}]}, "version": 435}
{"obj": {"type": "LogStrings", "path": ["monitoring", "stdout"], "values": [{"value": "\n", "step": null, "ts": 1652649623.2194343}]}, "version": 436}
{"obj": {"type": "LogFloats", "path": ["train loss"], "values": [{"value": 4.55107307434082, "step": null, "ts": 1652649623.220747}]}, "version": 437}
{"obj": {"type": "LogStrings", "path": ["monitoring", "stdout"], "values": [{"value": "tensor([193, 206, 182, 150, 134,  19,   7,   1], device='cuda:0')", "step": null, "ts": 1652649624.3329933}]}, "version": 438}
{"obj": {"type": "LogStrings", "path": ["monitoring", "stdout"], "values": [{"value": " ", "step": null, "ts": 1652649624.3348196}]}, "version": 439}
{"obj": {"type": "LogStrings", "path": ["monitoring", "stdout"], "values": [{"value": "tensor([ 20,  36, 202,  10,  96,  20,   1,   1], device='cuda:0')", "step": null, "ts": 1652649624.336229}]}, "version": 440}
{"obj": {"type": "LogStrings", "path": ["monitoring", "stdout"], "values": [{"value": "\n", "step": null, "ts": 1652649624.3378265}]}, "version": 441}
{"obj": {"type": "LogFloats", "path": ["train loss"], "values": [{"value": 5.1523003578186035, "step": null, "ts": 1652649624.339412}]}, "version": 442}
{"obj": {"type": "LogStrings", "path": ["monitoring", "stdout"], "values": [{"value": "tensor([307,  95, 305,  89, 131,  93,   3,  20], device='cuda:0')", "step": null, "ts": 1652649625.3446589}]}, "version": 443}
{"obj": {"type": "LogStrings", "path": ["monitoring", "stdout"], "values": [{"value": " ", "step": null, "ts": 1652649625.3464236}]}, "version": 444}
{"obj": {"type": "LogStrings", "path": ["monitoring", "stdout"], "values": [{"value": "tensor([  1,  10,   1,  36,  98, 202,  36,  20], device='cuda:0')", "step": null, "ts": 1652649625.3480604}]}, "version": 445}
{"obj": {"type": "LogStrings", "path": ["monitoring", "stdout"], "values": [{"value": "\n", "step": null, "ts": 1652649625.3493397}]}, "version": 446}
{"obj": {"type": "LogFloats", "path": ["train loss"], "values": [{"value": 5.346588134765625, "step": null, "ts": 1652649625.3508255}]}, "version": 447}
{"obj": {"type": "LogStrings", "path": ["monitoring", "stdout"], "values": [{"value": "tensor([ 60, 106,  39,  79, 191, 218,  27, 199], device='cuda:0')", "step": null, "ts": 1652649626.366928}]}, "version": 448}
{"obj": {"type": "LogStrings", "path": ["monitoring", "stdout"], "values": [{"value": " ", "step": null, "ts": 1652649626.368379}]}, "version": 449}
{"obj": {"type": "LogStrings", "path": ["monitoring", "stdout"], "values": [{"value": "tensor([ 20,  10, 104,  20,  20,   1,  36,   1], device='cuda:0')", "step": null, "ts": 1652649626.3695993}]}, "version": 450}
{"obj": {"type": "LogStrings", "path": ["monitoring", "stdout"], "values": [{"value": "\n", "step": null, "ts": 1652649626.370853}]}, "version": 451}
{"obj": {"type": "LogFloats", "path": ["train loss"], "values": [{"value": 5.484881401062012, "step": null, "ts": 1652649626.372106}]}, "version": 452}
{"obj": {"type": "LogFloats", "path": ["monitoring", "cpu"], "values": [{"value": 42.4, "step": null, "ts": 1652649626.7366145}]}, "version": 453}
{"obj": {"type": "LogFloats", "path": ["monitoring", "memory"], "values": [{"value": 6.392513275146484, "step": null, "ts": 1652649626.7366145}]}, "version": 454}
{"obj": {"type": "LogFloats", "path": ["monitoring", "gpu"], "values": [{"value": 76.0, "step": null, "ts": 1652649626.7366145}]}, "version": 455}
{"obj": {"type": "LogFloats", "path": ["monitoring", "gpu_memory"], "values": [{"value": 26.1923828125, "step": null, "ts": 1652649626.7366145}]}, "version": 456}
{"obj": {"type": "LogStrings", "path": ["monitoring", "traceback"], "values": [{"value": "An uncaught exception occurred while run was active on worker e5-cse-314-01.", "step": null, "ts": 1652649627.2810483}, {"value": "Marking run as failed", "step": null, "ts": 1652649627.2810483}, {"value": "Traceback:", "step": null, "ts": 1652649627.2810483}, {"value": "  File \"train.py\", line 78, in <module>\n    print(label, prediction)\n", "step": null, "ts": 1652649627.2810483}, {"value": "  File \"/home/grads/sxw5765/anaconda3/envs/vac/lib/python3.8/site-packages/torch/_tensor.py\", line 305, in __repr__\n    return torch._tensor_str._str(self)\n", "step": null, "ts": 1652649627.2810483}, {"value": "  File \"/home/grads/sxw5765/anaconda3/envs/vac/lib/python3.8/site-packages/torch/_tensor_str.py\", line 434, in _str\n    return _str_intern(self)\n", "step": null, "ts": 1652649627.2810483}, {"value": "  File \"/home/grads/sxw5765/anaconda3/envs/vac/lib/python3.8/site-packages/torch/_tensor_str.py\", line 409, in _str_intern\n    tensor_str = _tensor_str(self, indent)\n", "step": null, "ts": 1652649627.2810483}, {"value": "  File \"/home/grads/sxw5765/anaconda3/envs/vac/lib/python3.8/site-packages/torch/_tensor_str.py\", line 264, in _tensor_str\n    formatter = _Formatter(get_summarized_data(self) if summarize else self)\n", "step": null, "ts": 1652649627.2810483}, {"value": "  File \"/home/grads/sxw5765/anaconda3/envs/vac/lib/python3.8/site-packages/torch/_tensor_str.py\", line 96, in __init__\n    value_str = '{}'.format(value)\n", "step": null, "ts": 1652649627.2810483}, {"value": "  File \"/home/grads/sxw5765/anaconda3/envs/vac/lib/python3.8/site-packages/torch/_tensor.py\", line 627, in __format__\n    return self.item().__format__(format_spec)\n", "step": null, "ts": 1652649627.2810483}]}, "version": 457}
{"obj": {"type": "LogStrings", "path": ["monitoring", "traceback"], "values": [{"value": "CUDA error: device-side assert triggered", "step": null, "ts": 1652649627.2810483}, {"value": "CUDA kernel errors might be asynchronously reported at some other API call,so the stacktrace below might be incorrect.", "step": null, "ts": 1652649627.2810483}, {"value": "For debugging consider passing CUDA_LAUNCH_BLOCKING=1.", "step": null, "ts": 1652649627.2810483}]}, "version": 458}
{"obj": {"type": "AssignBool", "path": ["sys", "failed"], "value": true}, "version": 459}
{"obj": {"type": "LogStrings", "path": ["monitoring", "stderr"], "values": [{"value": "Traceback (most recent call last):\n", "step": null, "ts": 1652649627.2855895}]}, "version": 460}
{"obj": {"type": "LogStrings", "path": ["monitoring", "stderr"], "values": [{"value": "  File \"train.py\", line 78, in <module>\n", "step": null, "ts": 1652649627.2867646}]}, "version": 461}
{"obj": {"type": "LogStrings", "path": ["monitoring", "stderr"], "values": [{"value": "    ", "step": null, "ts": 1652649627.2885625}]}, "version": 462}
{"obj": {"type": "LogStrings", "path": ["monitoring", "stderr"], "values": [{"value": "print(label, prediction)", "step": null, "ts": 1652649627.2899377}]}, "version": 463}
{"obj": {"type": "LogStrings", "path": ["monitoring", "stderr"], "values": [{"value": "\n", "step": null, "ts": 1652649627.2911053}]}, "version": 464}
{"obj": {"type": "LogStrings", "path": ["monitoring", "stderr"], "values": [{"value": "  File \"/home/grads/sxw5765/anaconda3/envs/vac/lib/python3.8/site-packages/torch/_tensor.py\", line 305, in __repr__\n", "step": null, "ts": 1652649627.292877}]}, "version": 465}
{"obj": {"type": "LogStrings", "path": ["monitoring", "stderr"], "values": [{"value": "    ", "step": null, "ts": 1652649627.2941878}]}, "version": 466}
{"obj": {"type": "LogStrings", "path": ["monitoring", "stderr"], "values": [{"value": "return torch._tensor_str._str(self)", "step": null, "ts": 1652649627.29623}]}, "version": 467}
{"obj": {"type": "LogStrings", "path": ["monitoring", "stderr"], "values": [{"value": "\n", "step": null, "ts": 1652649627.2974129}]}, "version": 468}
{"obj": {"type": "LogStrings", "path": ["monitoring", "stderr"], "values": [{"value": "  File \"/home/grads/sxw5765/anaconda3/envs/vac/lib/python3.8/site-packages/torch/_tensor_str.py\", line 434, in _str\n", "step": null, "ts": 1652649627.2984908}]}, "version": 469}
{"obj": {"type": "LogStrings", "path": ["monitoring", "stderr"], "values": [{"value": "    ", "step": null, "ts": 1652649627.2998698}]}, "version": 470}
{"obj": {"type": "LogStrings", "path": ["monitoring", "stderr"], "values": [{"value": "return _str_intern(self)", "step": null, "ts": 1652649627.30093}]}, "version": 471}
{"obj": {"type": "LogStrings", "path": ["monitoring", "stderr"], "values": [{"value": "\n", "step": null, "ts": 1652649627.3019986}]}, "version": 472}
{"obj": {"type": "LogStrings", "path": ["monitoring", "stderr"], "values": [{"value": "  File \"/home/grads/sxw5765/anaconda3/envs/vac/lib/python3.8/site-packages/torch/_tensor_str.py\", line 409, in _str_intern\n", "step": null, "ts": 1652649627.3031874}]}, "version": 473}
{"obj": {"type": "LogStrings", "path": ["monitoring", "stderr"], "values": [{"value": "    ", "step": null, "ts": 1652649627.304416}]}, "version": 474}
{"obj": {"type": "LogStrings", "path": ["monitoring", "stderr"], "values": [{"value": "tensor_str = _tensor_str(self, indent)", "step": null, "ts": 1652649627.30576}]}, "version": 475}
{"obj": {"type": "LogStrings", "path": ["monitoring", "stderr"], "values": [{"value": "\n", "step": null, "ts": 1652649627.3070917}]}, "version": 476}
{"obj": {"type": "LogStrings", "path": ["monitoring", "stderr"], "values": [{"value": "  File \"/home/grads/sxw5765/anaconda3/envs/vac/lib/python3.8/site-packages/torch/_tensor_str.py\", line 264, in _tensor_str\n", "step": null, "ts": 1652649627.3081346}]}, "version": 477}
{"obj": {"type": "LogStrings", "path": ["monitoring", "stderr"], "values": [{"value": "    ", "step": null, "ts": 1652649627.3094919}]}, "version": 478}
{"obj": {"type": "LogStrings", "path": ["monitoring", "stderr"], "values": [{"value": "formatter = _Formatter(get_summarized_data(self) if summarize else self)", "step": null, "ts": 1652649627.311225}]}, "version": 479}
{"obj": {"type": "LogStrings", "path": ["monitoring", "stderr"], "values": [{"value": "\n", "step": null, "ts": 1652649627.3124611}]}, "version": 480}
{"obj": {"type": "LogStrings", "path": ["monitoring", "stderr"], "values": [{"value": "  File \"/home/grads/sxw5765/anaconda3/envs/vac/lib/python3.8/site-packages/torch/_tensor_str.py\", line 96, in __init__\n", "step": null, "ts": 1652649627.3135517}]}, "version": 481}
{"obj": {"type": "LogStrings", "path": ["monitoring", "stderr"], "values": [{"value": "    ", "step": null, "ts": 1652649627.314775}]}, "version": 482}
{"obj": {"type": "LogStrings", "path": ["monitoring", "stderr"], "values": [{"value": "value_str = '{}'.format(value)", "step": null, "ts": 1652649627.3159392}]}, "version": 483}
{"obj": {"type": "LogStrings", "path": ["monitoring", "stderr"], "values": [{"value": "\n", "step": null, "ts": 1652649627.318091}]}, "version": 484}
{"obj": {"type": "LogStrings", "path": ["monitoring", "stderr"], "values": [{"value": "  File \"/home/grads/sxw5765/anaconda3/envs/vac/lib/python3.8/site-packages/torch/_tensor.py\", line 627, in __format__\n", "step": null, "ts": 1652649627.319549}]}, "version": 485}
{"obj": {"type": "LogStrings", "path": ["monitoring", "stderr"], "values": [{"value": "    ", "step": null, "ts": 1652649627.3212566}]}, "version": 486}
{"obj": {"type": "LogStrings", "path": ["monitoring", "stderr"], "values": [{"value": "return self.item().__format__(format_spec)", "step": null, "ts": 1652649627.322357}]}, "version": 487}
{"obj": {"type": "LogStrings", "path": ["monitoring", "stderr"], "values": [{"value": "\n", "step": null, "ts": 1652649627.3236973}]}, "version": 488}
{"obj": {"type": "LogStrings", "path": ["monitoring", "stderr"], "values": [{"value": "RuntimeError", "step": null, "ts": 1652649627.324765}]}, "version": 489}
{"obj": {"type": "LogStrings", "path": ["monitoring", "stderr"], "values": [{"value": ": ", "step": null, "ts": 1652649627.3258145}]}, "version": 490}
{"obj": {"type": "LogStrings", "path": ["monitoring", "stderr"], "values": [{"value": "CUDA error: device-side assert triggered\nCUDA kernel errors might be asynchronously reported at some other API call,so the stacktrace below might be incorrect.\nFor debugging consider passing CUDA_LAUNCH_BLOCKING=1.", "step": null, "ts": 1652649627.326991}]}, "version": 491}
{"obj": {"type": "LogStrings", "path": ["monitoring", "stderr"], "values": [{"value": "\n", "step": null, "ts": 1652649627.3280392}]}, "version": 492}
{"obj": {"type": "LogStrings", "path": ["monitoring", "stdout"], "values": [{"value": "", "step": null, "ts": 1652649627.3291843}]}, "version": 493}
{"obj": {"type": "LogStrings", "path": ["monitoring", "stdout"], "values": [{"value": "Shutting down background jobs, please wait a moment...\n", "step": null, "ts": 1652649627.330674}]}, "version": 494}
